<?xml version="1.0" encoding="utf-8"?>
<TestRun id="ca83c405-2b17-4371-8808-e4ee3c13884f" name="@5955a5bf5f87 2024-07-02 13:00:09" xmlns="http://microsoft.com/schemas/VisualStudio/TeamTest/2010">
  <Times creation="2024-07-02T13:00:09.7830097+00:00" queuing="2024-07-02T13:00:09.7830098+00:00" start="2024-07-02T13:00:07.9150130+00:00" finish="2024-07-02T13:00:14.3765719+00:00" />
  <TestSettings name="default" id="668cc370-d48c-4448-911c-e60f180de06f">
    <Deployment runDeploymentRoot="_5955a5bf5f87_2024-07-02_13_00_09" />
  </TestSettings>
  <Results>
    <UnitTestResult executionId="a7cdbebb-aa7e-4c02-af0f-40907ba8edec" testId="d7c63adc-5f3b-f614-2ab6-cf6bdc2d7129" testName="CommonLibrary.Test.RangedSortedListCacheTest.ReadingTopItemMustNotReadSourceIfTtlIsNotExpired" computerName="5955a5bf5f87" duration="00:00:00.0299360" startTime="2024-07-02T13:00:14.2705334+00:00" endTime="2024-07-02T13:00:14.2705336+00:00" testType="13cdc9d9-ddb5-4fa4-a97d-d965ccfc6d4b" outcome="Passed" testListId="8c84fa94-04c1-424b-9868-57a2d4851a1d" relativeResultsDirectory="a7cdbebb-aa7e-4c02-af0f-40907ba8edec">
      <Output>
        <StdOut>&lt;Scope: RedisRangedSortedListCache::ReadPages(video-test-$aaf94865e5f140efa07c4229bb045901)&gt;
   Information [0]: Read 0 pages
&lt;/Scope: RedisRangedSortedListCache::ReadPages(video-test-$aaf94865e5f140efa07c4229bb045901)&gt;
&lt;Scope: GetTop&gt;
   Information [0]: Head is expired
   Information [0]: New top read from data source: 1000
&lt;/Scope: GetTop&gt;
&lt;Scope: RedisRangedSortedListCache::GetPageOfLower(ctx, 1000, 30)&gt;
   Information [0]: Page is not found
   Information [0]: Loaded 30 from data source starting from 1000
      &lt;Scope: RedisRangedSortedListCache::AddNewPage&gt;
      Information [0]: Added new page 1000 - 971
   &lt;/Scope: RedisRangedSortedListCache::AddNewPage&gt;
&lt;/Scope: RedisRangedSortedListCache::GetPageOfLower(ctx, 1000, 30)&gt;
&lt;Scope: RedisRangedSortedListCache::ReadPages(video-test-$aaf94865e5f140efa07c4229bb045901)&gt;
   Information [0]: Read 1 pages
&lt;/Scope: RedisRangedSortedListCache::ReadPages(video-test-$aaf94865e5f140efa07c4229bb045901)&gt;
&lt;Scope: GetTop&gt;
   Information [0]: Head is not expired: current top is 1000
&lt;/Scope: GetTop&gt;
&lt;Scope: RedisRangedSortedListCache::GetPageOfLower(ctx, 1000, 30)&gt;
   Information [0]: Page found: 1000 - 971, loaded 30 from cache
   Information [0]: All items loaded from cache
&lt;/Scope: RedisRangedSortedListCache::GetPageOfLower(ctx, 1000, 30)&gt;</StdOut>
      </Output>
    </UnitTestResult>
    <UnitTestResult executionId="4c0186f6-0144-4aa0-bb18-457cd6b17b7d" testId="52157386-e929-8dea-6799-271581528838" testName="CommonLibrary.Test.PrintLevelStructTest.EnsureLevelDeserializedWithCycles" computerName="5955a5bf5f87" duration="00:00:00.0263598" startTime="2024-07-02T13:00:09.0201249+00:00" endTime="2024-07-02T13:00:09.0201250+00:00" testType="13cdc9d9-ddb5-4fa4-a97d-d965ccfc6d4b" outcome="Passed" testListId="8c84fa94-04c1-424b-9868-57a2d4851a1d" relativeResultsDirectory="4c0186f6-0144-4aa0-bb18-457cd6b17b7d" />
    <UnitTestResult executionId="4ef830f5-083a-448a-89e4-b3898f9f9dc9" testId="9a4d6c22-ae6a-8295-1ae4-d6a5aaedd651" testName="CommonLibrary.Test.RangedSortedListCacheTest.ReadingSpecificTopFromEmptyCacheMustReadSource" computerName="5955a5bf5f87" duration="00:00:00.0108413" startTime="2024-07-02T13:00:14.2821249+00:00" endTime="2024-07-02T13:00:14.2821294+00:00" testType="13cdc9d9-ddb5-4fa4-a97d-d965ccfc6d4b" outcome="Passed" testListId="8c84fa94-04c1-424b-9868-57a2d4851a1d" relativeResultsDirectory="4ef830f5-083a-448a-89e4-b3898f9f9dc9">
      <Output>
        <StdOut>&lt;Scope: RedisRangedSortedListCache::ReadPages(video-test-$7c3f00d6dd41454a97b8c4b3296c6006)&gt;
   Information [0]: Read 0 pages
&lt;/Scope: RedisRangedSortedListCache::ReadPages(video-test-$7c3f00d6dd41454a97b8c4b3296c6006)&gt;
&lt;Scope: RedisRangedSortedListCache::GetPageOfLower(ctx, 100, 30)&gt;
   Information [0]: Page is not found
   Information [0]: Loaded 30 from data source starting from 100
      &lt;Scope: RedisRangedSortedListCache::AddNewPage&gt;
      Information [0]: Added new page 100 - 71
   &lt;/Scope: RedisRangedSortedListCache::AddNewPage&gt;
&lt;/Scope: RedisRangedSortedListCache::GetPageOfLower(ctx, 100, 30)&gt;
&lt;Scope: RedisRangedSortedListCache::GetPageOfHigher(ctx, 100, 30)&gt;
   Information [0]: Page is not found
   Information [0]: Loaded 30 from data source starting from 101
      &lt;Scope: RedisRangedSortedListCache::AddNewPage&gt;
      Information [0]: Added new page 130 - 101
   &lt;/Scope: RedisRangedSortedListCache::AddNewPage&gt;
&lt;/Scope: RedisRangedSortedListCache::GetPageOfHigher(ctx, 100, 30)&gt;</StdOut>
      </Output>
    </UnitTestResult>
    <UnitTestResult executionId="fe072e66-f5af-4806-8a18-ec5f9b2f406d" testId="ab265e22-64fc-d51b-7e88-e0946a386178" testName="CommonLibrary.Test.PrintLevelStructTest.EnsureGlobalReferencesNotRemoved" computerName="5955a5bf5f87" duration="00:00:00.0012715" startTime="2024-07-02T13:00:08.9940393+00:00" endTime="2024-07-02T13:00:08.9940393+00:00" testType="13cdc9d9-ddb5-4fa4-a97d-d965ccfc6d4b" outcome="Passed" testListId="8c84fa94-04c1-424b-9868-57a2d4851a1d" relativeResultsDirectory="fe072e66-f5af-4806-8a18-ec5f9b2f406d">
      <Output>
        <StdOut>BEFORE REMOVING:
   [0] FakeEvent 201
     FakeCharacter 100
   [1] FakeEvent 202
     FakeCharacter 100
AFTER REMOVING:
   [0] FakeEvent 201
     FakeCharacter 100
   [1] FakeEvent 202
     FakeCharacter 100</StdOut>
      </Output>
    </UnitTestResult>
    <UnitTestResult executionId="a7eb333f-bc8e-4866-b77e-f988533e832f" testId="5c987566-277a-71da-0854-a7ebf5456c5d" testName="CommonLibrary.Test.RangedSortedListCacheTest.ReadingCachedDataMustAppendLowerAndHigherRanges" computerName="5955a5bf5f87" duration="00:00:00.0607112" startTime="2024-07-02T13:00:09.0815338+00:00" endTime="2024-07-02T13:00:09.0815338+00:00" testType="13cdc9d9-ddb5-4fa4-a97d-d965ccfc6d4b" outcome="Passed" testListId="8c84fa94-04c1-424b-9868-57a2d4851a1d" relativeResultsDirectory="a7eb333f-bc8e-4866-b77e-f988533e832f">
      <Output>
        <StdOut>&lt;Scope: RedisRangedSortedListCache::ReadPages(video-test-$b24055474574492b9b37dc34c480b155)&gt;
   Information [0]: Read 0 pages
&lt;/Scope: RedisRangedSortedListCache::ReadPages(video-test-$b24055474574492b9b37dc34c480b155)&gt;
&lt;Scope: RedisRangedSortedListCache::GetPageOfLower(ctx, 100, 30)&gt;
   Information [0]: Page is not found
   Information [0]: Loaded 30 from data source starting from 100
      &lt;Scope: RedisRangedSortedListCache::AddNewPage&gt;
      Information [0]: Added new page 100 - 71
   &lt;/Scope: RedisRangedSortedListCache::AddNewPage&gt;
&lt;/Scope: RedisRangedSortedListCache::GetPageOfLower(ctx, 100, 30)&gt;
&lt;Scope: RedisRangedSortedListCache::GetPageOfHigher(ctx, 100, 30)&gt;
   Information [0]: Page is not found
   Information [0]: Loaded 30 from data source starting from 101
      &lt;Scope: RedisRangedSortedListCache::AddNewPage&gt;
      Information [0]: Added new page 130 - 101
   &lt;/Scope: RedisRangedSortedListCache::AddNewPage&gt;
&lt;/Scope: RedisRangedSortedListCache::GetPageOfHigher(ctx, 100, 30)&gt;
&lt;Scope: RedisRangedSortedListCache::ReadPages(video-test-$b24055474574492b9b37dc34c480b155)&gt;
   Information [0]: Read 1 pages
&lt;/Scope: RedisRangedSortedListCache::ReadPages(video-test-$b24055474574492b9b37dc34c480b155)&gt;
&lt;Scope: RedisRangedSortedListCache::GetPageOfLower(ctx, 100, 40)&gt;
   Information [0]: Page found: 130 - 71, loaded 30 from cache
   Information [0]: Loaded 40 from data source starting from 70
      &lt;Scope: RedisRangedSortedListCache::AddNewPage&gt;
      Information [0]: Added new page 70 - 31
   &lt;/Scope: RedisRangedSortedListCache::AddNewPage&gt;
&lt;/Scope: RedisRangedSortedListCache::GetPageOfLower(ctx, 100, 40)&gt;
&lt;Scope: RedisRangedSortedListCache::GetPageOfHigher(ctx, 100, 40)&gt;
   Information [0]: Page found: 130 - 31, loaded 30 from cache
   Information [0]: Loaded 40 from data source starting from 131
      &lt;Scope: RedisRangedSortedListCache::AddNewPage&gt;
      Information [0]: Added new page 170 - 131
   &lt;/Scope: RedisRangedSortedListCache::AddNewPage&gt;
&lt;/Scope: RedisRangedSortedListCache::GetPageOfHigher(ctx, 100, 40)&gt;</StdOut>
      </Output>
    </UnitTestResult>
    <UnitTestResult executionId="1665bf58-7e2d-459c-a51e-d31fc4b63d0f" testId="dd352d7f-6edd-3ef2-d79d-967c014e542d" testName="CommonLibrary.Test.RangedSortedListCacheTest.ReadingTopItemMustReadSource" computerName="5955a5bf5f87" duration="00:00:00.4652151" startTime="2024-07-02T13:00:08.9168830+00:00" endTime="2024-07-02T13:00:08.9168984+00:00" testType="13cdc9d9-ddb5-4fa4-a97d-d965ccfc6d4b" outcome="Passed" testListId="8c84fa94-04c1-424b-9868-57a2d4851a1d" relativeResultsDirectory="1665bf58-7e2d-459c-a51e-d31fc4b63d0f">
      <Output>
        <StdOut>&lt;Scope: RedisRangedSortedListCache::ReadPages(video-test-$cda4d599a58442e4a40d35ff1ba20f19)&gt;
   Information [0]: Read 0 pages
&lt;/Scope: RedisRangedSortedListCache::ReadPages(video-test-$cda4d599a58442e4a40d35ff1ba20f19)&gt;
&lt;Scope: GetTop&gt;
   Information [0]: Head is expired
   Information [0]: New top read from data source: 1000
&lt;/Scope: GetTop&gt;
&lt;Scope: RedisRangedSortedListCache::GetPageOfLower(ctx, 1000, 30)&gt;
   Information [0]: Page is not found
   Information [0]: Loaded 30 from data source starting from 1000
      &lt;Scope: RedisRangedSortedListCache::AddNewPage&gt;
      Information [0]: Added new page 1000 - 971
   &lt;/Scope: RedisRangedSortedListCache::AddNewPage&gt;
&lt;/Scope: RedisRangedSortedListCache::GetPageOfLower(ctx, 1000, 30)&gt;</StdOut>
      </Output>
    </UnitTestResult>
    <UnitTestResult executionId="475bb8cc-7a86-4e03-9a0b-048e4bcb63bf" testId="aa43600c-eb1b-e7a7-7e75-d7e508ef0830" testName="CommonLibrary.Test.RangedSortedListCacheTest.FilteringMustWorkWithoutTargetScore2" computerName="5955a5bf5f87" duration="00:00:00.0153910" startTime="2024-07-02T13:00:14.3328333+00:00" endTime="2024-07-02T13:00:14.3328335+00:00" testType="13cdc9d9-ddb5-4fa4-a97d-d965ccfc6d4b" outcome="Passed" testListId="8c84fa94-04c1-424b-9868-57a2d4851a1d" relativeResultsDirectory="475bb8cc-7a86-4e03-9a0b-048e4bcb63bf">
      <Output>
        <StdOut>&lt;Scope: RedisRangedSortedListCache::ReadPages(video-test-$640bff01072e4f918ca3ebcf411cd3bb)&gt;
   Information [0]: Read 0 pages
&lt;/Scope: RedisRangedSortedListCache::ReadPages(video-test-$640bff01072e4f918ca3ebcf411cd3bb)&gt;
&lt;Scope: GetTop&gt;
   Information [0]: Head is expired
   Information [0]: New top read from data source: 1000
&lt;/Scope: GetTop&gt;
&lt;Scope: RedisRangedSortedListCache::GetPageOfLower(ctx, 1000, 30)&gt;
   Information [0]: Page is not found
   Information [0]: Loaded 30 from data source starting from 1000
      &lt;Scope: RedisRangedSortedListCache::AddNewPage&gt;
      Information [0]: Added new page 1000 - 971
   &lt;/Scope: RedisRangedSortedListCache::AddNewPage&gt;
&lt;/Scope: RedisRangedSortedListCache::GetPageOfLower(ctx, 1000, 30)&gt;
&lt;Scope: RedisRangedSortedListCache::GetPageOfLower(ctx, 970, 30)&gt;
   Information [0]: Page is not found
   Information [0]: Loaded 30 from data source starting from 970
      &lt;Scope: RedisRangedSortedListCache::AddNewPage&gt;
      Information [0]: Added new page 970 - 941
   &lt;/Scope: RedisRangedSortedListCache::AddNewPage&gt;
&lt;/Scope: RedisRangedSortedListCache::GetPageOfLower(ctx, 970, 30)&gt;
&lt;Scope: RedisRangedSortedListCache::ReadPages(video-test-$640bff01072e4f918ca3ebcf411cd3bb)&gt;
   Information [0]: Read 1 pages
&lt;/Scope: RedisRangedSortedListCache::ReadPages(video-test-$640bff01072e4f918ca3ebcf411cd3bb)&gt;
&lt;Scope: GetTop&gt;
   Information [0]: Head is not expired: current top is 1000
&lt;/Scope: GetTop&gt;
&lt;Scope: RedisRangedSortedListCache::GetPageOfLower(ctx, 1000, 30)&gt;
   Information [0]: Page found: 1000 - 941, loaded 30 from cache
   Information [0]: All items loaded from cache
&lt;/Scope: RedisRangedSortedListCache::GetPageOfLower(ctx, 1000, 30)&gt;
&lt;Scope: RedisRangedSortedListCache::GetPageOfLower(ctx, 970, 30)&gt;
   Information [0]: Page found: 1000 - 941, loaded 30 from cache
   Information [0]: All items loaded from cache
&lt;/Scope: RedisRangedSortedListCache::GetPageOfLower(ctx, 970, 30)&gt;</StdOut>
      </Output>
    </UnitTestResult>
    <UnitTestResult executionId="181bb0a7-98de-4aa0-9da2-4cfd57caa6a5" testId="e2d4675a-ed28-90ab-2e61-83bd1d6f5a6a" testName="CommonLibrary.Test.RangedSortedListCacheTest.FilteringMustWorkWithoutTargetScore" computerName="5955a5bf5f87" duration="00:00:00.0156160" startTime="2024-07-02T13:00:14.3169102+00:00" endTime="2024-07-02T13:00:14.3169103+00:00" testType="13cdc9d9-ddb5-4fa4-a97d-d965ccfc6d4b" outcome="Passed" testListId="8c84fa94-04c1-424b-9868-57a2d4851a1d" relativeResultsDirectory="181bb0a7-98de-4aa0-9da2-4cfd57caa6a5">
      <Output>
        <StdOut>&lt;Scope: RedisRangedSortedListCache::ReadPages(video-test-$7c348393ebf042d6832c0d9219396fe5)&gt;
   Information [0]: Read 0 pages
&lt;/Scope: RedisRangedSortedListCache::ReadPages(video-test-$7c348393ebf042d6832c0d9219396fe5)&gt;
&lt;Scope: GetTop&gt;
   Information [0]: Head is expired
   Information [0]: New top read from data source: 1000
&lt;/Scope: GetTop&gt;
&lt;Scope: RedisRangedSortedListCache::GetPageOfLower(ctx, 1000, 30)&gt;
   Information [0]: Page is not found
   Information [0]: Loaded 30 from data source starting from 1000
      &lt;Scope: RedisRangedSortedListCache::AddNewPage&gt;
      Information [0]: Added new page 1000 - 971
   &lt;/Scope: RedisRangedSortedListCache::AddNewPage&gt;
&lt;/Scope: RedisRangedSortedListCache::GetPageOfLower(ctx, 1000, 30)&gt;
&lt;Scope: RedisRangedSortedListCache::GetPageOfLower(ctx, 970, 30)&gt;
   Information [0]: Page is not found
   Information [0]: Loaded 30 from data source starting from 970
      &lt;Scope: RedisRangedSortedListCache::AddNewPage&gt;
      Information [0]: Added new page 970 - 941
   &lt;/Scope: RedisRangedSortedListCache::AddNewPage&gt;
&lt;/Scope: RedisRangedSortedListCache::GetPageOfLower(ctx, 970, 30)&gt;
&lt;Scope: RedisRangedSortedListCache::ReadPages(video-test-$7c348393ebf042d6832c0d9219396fe5)&gt;
   Information [0]: Read 1 pages
&lt;/Scope: RedisRangedSortedListCache::ReadPages(video-test-$7c348393ebf042d6832c0d9219396fe5)&gt;
&lt;Scope: GetTop&gt;
   Information [0]: Head is not expired: current top is 1000
&lt;/Scope: GetTop&gt;
&lt;Scope: RedisRangedSortedListCache::GetPageOfLower(ctx, 1000, 30)&gt;
   Information [0]: Page found: 1000 - 941, loaded 30 from cache
   Information [0]: All items loaded from cache
&lt;/Scope: RedisRangedSortedListCache::GetPageOfLower(ctx, 1000, 30)&gt;
&lt;Scope: RedisRangedSortedListCache::GetPageOfLower(ctx, 970, 30)&gt;
   Information [0]: Page found: 1000 - 941, loaded 30 from cache
   Information [0]: All items loaded from cache
&lt;/Scope: RedisRangedSortedListCache::GetPageOfLower(ctx, 970, 30)&gt;</StdOut>
      </Output>
    </UnitTestResult>
    <UnitTestResult executionId="7da82e0e-955e-4331-ad35-e5d8980588e6" testId="17454ee0-c1a1-e0a0-a226-8b389b494566" testName="CommonLibrary.Test.RangedSortedListCacheTest.RangedListMustExpire" computerName="5955a5bf5f87" duration="00:00:05.1121584" startTime="2024-07-02T13:00:14.2400857+00:00" endTime="2024-07-02T13:00:14.2400860+00:00" testType="13cdc9d9-ddb5-4fa4-a97d-d965ccfc6d4b" outcome="Passed" testListId="8c84fa94-04c1-424b-9868-57a2d4851a1d" relativeResultsDirectory="7da82e0e-955e-4331-ad35-e5d8980588e6">
      <Output>
        <StdOut>&lt;Scope: RedisRangedSortedListCache::ReadPages(ranged-list-test-$ed9c2d925e0941ea8f322a15ba164fe8)&gt;
   Information [0]: Read 0 pages
&lt;/Scope: RedisRangedSortedListCache::ReadPages(ranged-list-test-$ed9c2d925e0941ea8f322a15ba164fe8)&gt;
&lt;Scope: RedisRangedSortedListCache::GetPageOfLower(ctx, 100, 30)&gt;
   Information [0]: Page is not found
   Information [0]: Loaded 30 from data source starting from 100
      &lt;Scope: RedisRangedSortedListCache::AddNewPage&gt;
      Information [0]: Added new page 100 - 71
   &lt;/Scope: RedisRangedSortedListCache::AddNewPage&gt;
&lt;/Scope: RedisRangedSortedListCache::GetPageOfLower(ctx, 100, 30)&gt;
&lt;Scope: RedisRangedSortedListCache::GetPageOfLower(ctx, 70, 30)&gt;
   Information [0]: Page is not found
   Information [0]: Loaded 30 from data source starting from 70
      &lt;Scope: RedisRangedSortedListCache::AddNewPage&gt;
      Information [0]: Added new page 70 - 41
   &lt;/Scope: RedisRangedSortedListCache::AddNewPage&gt;
&lt;/Scope: RedisRangedSortedListCache::GetPageOfLower(ctx, 70, 30)&gt;
&lt;Scope: RedisRangedSortedListCache::GetPageOfLower(ctx, 40, 30)&gt;
   Information [0]: Page is not found
   Information [0]: Loaded 30 from data source starting from 40
      &lt;Scope: RedisRangedSortedListCache::AddNewPage&gt;
      Information [0]: Added new page 40 - 11
   &lt;/Scope: RedisRangedSortedListCache::AddNewPage&gt;
&lt;/Scope: RedisRangedSortedListCache::GetPageOfLower(ctx, 40, 30)&gt;
&lt;Scope: RedisRangedSortedListCache::GetPageOfLower(ctx, 10, 30)&gt;
   Information [0]: Page is not found
   Information [0]: Loaded 10 from data source starting from 10
      &lt;Scope: RedisRangedSortedListCache::AddNewPage&gt;
      Information [0]: Added new page 10 - 1
   &lt;/Scope: RedisRangedSortedListCache::AddNewPage&gt;
&lt;/Scope: RedisRangedSortedListCache::GetPageOfLower(ctx, 10, 30)&gt;
&lt;Scope: RedisRangedSortedListCache::GetPageOfHigher(ctx, 100, 30)&gt;
   Information [0]: Page is not found
   Information [0]: Loaded 30 from data source starting from 101
      &lt;Scope: RedisRangedSortedListCache::AddNewPage&gt;
      Information [0]: Added new page 130 - 101
   &lt;/Scope: RedisRangedSortedListCache::AddNewPage&gt;
&lt;/Scope: RedisRangedSortedListCache::GetPageOfHigher(ctx, 100, 30)&gt;
&lt;Scope: RedisRangedSortedListCache::GetPageOfHigher(ctx, 131, 30)&gt;
   Information [0]: Page is not found
   Information [0]: Loaded 30 from data source starting from 132
      &lt;Scope: RedisRangedSortedListCache::AddNewPage&gt;
      Information [0]: Added new page 161 - 132
   &lt;/Scope: RedisRangedSortedListCache::AddNewPage&gt;
&lt;/Scope: RedisRangedSortedListCache::GetPageOfHigher(ctx, 131, 30)&gt;
&lt;Scope: RedisRangedSortedListCache::GetPageOfHigher(ctx, 162, 30)&gt;
   Information [0]: Page is not found
   Information [0]: Loaded 30 from data source starting from 163
      &lt;Scope: RedisRangedSortedListCache::AddNewPage&gt;
      Information [0]: Added new page 192 - 163
   &lt;/Scope: RedisRangedSortedListCache::AddNewPage&gt;
&lt;/Scope: RedisRangedSortedListCache::GetPageOfHigher(ctx, 162, 30)&gt;
&lt;Scope: RedisRangedSortedListCache::GetPageOfHigher(ctx, 193, 30)&gt;
   Information [0]: Page is not found
   Information [0]: Loaded 30 from data source starting from 194
      &lt;Scope: RedisRangedSortedListCache::AddNewPage&gt;
      Information [0]: Added new page 223 - 194
   &lt;/Scope: RedisRangedSortedListCache::AddNewPage&gt;
&lt;/Scope: RedisRangedSortedListCache::GetPageOfHigher(ctx, 193, 30)&gt;
&lt;Scope: RedisRangedSortedListCache::GetPageOfHigher(ctx, 224, 30)&gt;
   Information [0]: Page is not found
   Information [0]: Loaded 30 from data source starting from 225
      &lt;Scope: RedisRangedSortedListCache::AddNewPage&gt;
      Information [0]: Added new page 254 - 225
   &lt;/Scope: RedisRangedSortedListCache::AddNewPage&gt;
&lt;/Scope: RedisRangedSortedListCache::GetPageOfHigher(ctx, 224, 30)&gt;
&lt;Scope: RedisRangedSortedListCache::GetPageOfHigher(ctx, 255, 30)&gt;
   Information [0]: Page is not found
   Information [0]: Loaded 30 from data source starting from 256
      &lt;Scope: RedisRangedSortedListCache::AddNewPage&gt;
      Information [0]: Added new page 285 - 256
   &lt;/Scope: RedisRangedSortedListCache::AddNewPage&gt;
&lt;/Scope: RedisRangedSortedListCache::GetPageOfHigher(ctx, 255, 30)&gt;
&lt;Scope: RedisRangedSortedListCache::GetPageOfHigher(ctx, 286, 30)&gt;
   Information [0]: Page is not found
   Information [0]: Loaded 30 from data source starting from 287
      &lt;Scope: RedisRangedSortedListCache::AddNewPage&gt;
      Information [0]: Added new page 316 - 287
   &lt;/Scope: RedisRangedSortedListCache::AddNewPage&gt;
&lt;/Scope: RedisRangedSortedListCache::GetPageOfHigher(ctx, 286, 30)&gt;
&lt;Scope: RedisRangedSortedListCache::GetPageOfHigher(ctx, 317, 30)&gt;
   Information [0]: Page is not found
   Information [0]: Loaded 30 from data source starting from 318
      &lt;Scope: RedisRangedSortedListCache::AddNewPage&gt;
      Information [0]: Added new page 347 - 318
   &lt;/Scope: RedisRangedSortedListCache::AddNewPage&gt;
&lt;/Scope: RedisRangedSortedListCache::GetPageOfHigher(ctx, 317, 30)&gt;
&lt;Scope: RedisRangedSortedListCache::GetPageOfHigher(ctx, 348, 30)&gt;
   Information [0]: Page is not found
   Information [0]: Loaded 30 from data source starting from 349
      &lt;Scope: RedisRangedSortedListCache::AddNewPage&gt;
      Information [0]: Added new page 378 - 349
   &lt;/Scope: RedisRangedSortedListCache::AddNewPage&gt;
&lt;/Scope: RedisRangedSortedListCache::GetPageOfHigher(ctx, 348, 30)&gt;
&lt;Scope: RedisRangedSortedListCache::GetPageOfHigher(ctx, 379, 30)&gt;
   Information [0]: Page is not found
   Information [0]: Loaded 30 from data source starting from 380
      &lt;Scope: RedisRangedSortedListCache::AddNewPage&gt;
      Information [0]: Added new page 409 - 380
   &lt;/Scope: RedisRangedSortedListCache::AddNewPage&gt;
&lt;/Scope: RedisRangedSortedListCache::GetPageOfHigher(ctx, 379, 30)&gt;
&lt;Scope: RedisRangedSortedListCache::GetPageOfHigher(ctx, 410, 30)&gt;
   Information [0]: Page is not found
   Information [0]: Loaded 30 from data source starting from 411
      &lt;Scope: RedisRangedSortedListCache::AddNewPage&gt;
      Information [0]: Added new page 440 - 411
   &lt;/Scope: RedisRangedSortedListCache::AddNewPage&gt;
&lt;/Scope: RedisRangedSortedListCache::GetPageOfHigher(ctx, 410, 30)&gt;
&lt;Scope: RedisRangedSortedListCache::GetPageOfHigher(ctx, 441, 30)&gt;
   Information [0]: Page is not found
   Information [0]: Loaded 30 from data source starting from 442
      &lt;Scope: RedisRangedSortedListCache::AddNewPage&gt;
      Information [0]: Added new page 471 - 442
   &lt;/Scope: RedisRangedSortedListCache::AddNewPage&gt;
&lt;/Scope: RedisRangedSortedListCache::GetPageOfHigher(ctx, 441, 30)&gt;
&lt;Scope: RedisRangedSortedListCache::GetPageOfHigher(ctx, 472, 30)&gt;
   Information [0]: Page is not found
   Information [0]: Loaded 30 from data source starting from 473
      &lt;Scope: RedisRangedSortedListCache::AddNewPage&gt;
      Information [0]: Added new page 502 - 473
   &lt;/Scope: RedisRangedSortedListCache::AddNewPage&gt;
&lt;/Scope: RedisRangedSortedListCache::GetPageOfHigher(ctx, 472, 30)&gt;
&lt;Scope: RedisRangedSortedListCache::GetPageOfHigher(ctx, 503, 30)&gt;
   Information [0]: Page is not found
   Information [0]: Loaded 30 from data source starting from 504
      &lt;Scope: RedisRangedSortedListCache::AddNewPage&gt;
      Information [0]: Added new page 533 - 504
   &lt;/Scope: RedisRangedSortedListCache::AddNewPage&gt;
&lt;/Scope: RedisRangedSortedListCache::GetPageOfHigher(ctx, 503, 30)&gt;
&lt;Scope: RedisRangedSortedListCache::GetPageOfHigher(ctx, 534, 30)&gt;
   Information [0]: Page is not found
   Information [0]: Loaded 30 from data source starting from 535
      &lt;Scope: RedisRangedSortedListCache::AddNewPage&gt;
      Information [0]: Added new page 564 - 535
   &lt;/Scope: RedisRangedSortedListCache::AddNewPage&gt;
&lt;/Scope: RedisRangedSortedListCache::GetPageOfHigher(ctx, 534, 30)&gt;
&lt;Scope: RedisRangedSortedListCache::GetPageOfHigher(ctx, 565, 30)&gt;
   Information [0]: Page is not found
   Information [0]: Loaded 30 from data source starting from 566
      &lt;Scope: RedisRangedSortedListCache::AddNewPage&gt;
      Information [0]: Added new page 595 - 566
   &lt;/Scope: RedisRangedSortedListCache::AddNewPage&gt;
&lt;/Scope: RedisRangedSortedListCache::GetPageOfHigher(ctx, 565, 30)&gt;
&lt;Scope: RedisRangedSortedListCache::GetPageOfHigher(ctx, 596, 30)&gt;
   Information [0]: Page is not found
   Information [0]: Loaded 30 from data source starting from 597
      &lt;Scope: RedisRangedSortedListCache::AddNewPage&gt;
      Information [0]: Added new page 626 - 597
   &lt;/Scope: RedisRangedSortedListCache::AddNewPage&gt;
&lt;/Scope: RedisRangedSortedListCache::GetPageOfHigher(ctx, 596, 30)&gt;
&lt;Scope: RedisRangedSortedListCache::GetPageOfHigher(ctx, 627, 30)&gt;
   Information [0]: Page is not found
   Information [0]: Loaded 30 from data source starting from 628
      &lt;Scope: RedisRangedSortedListCache::AddNewPage&gt;
      Information [0]: Added new page 657 - 628
   &lt;/Scope: RedisRangedSortedListCache::AddNewPage&gt;
&lt;/Scope: RedisRangedSortedListCache::GetPageOfHigher(ctx, 627, 30)&gt;
&lt;Scope: RedisRangedSortedListCache::GetPageOfHigher(ctx, 658, 30)&gt;
   Information [0]: Page is not found
   Information [0]: Loaded 30 from data source starting from 659
      &lt;Scope: RedisRangedSortedListCache::AddNewPage&gt;
      Information [0]: Added new page 688 - 659
   &lt;/Scope: RedisRangedSortedListCache::AddNewPage&gt;
&lt;/Scope: RedisRangedSortedListCache::GetPageOfHigher(ctx, 658, 30)&gt;
&lt;Scope: RedisRangedSortedListCache::GetPageOfHigher(ctx, 689, 30)&gt;
   Information [0]: Page is not found
   Information [0]: Loaded 30 from data source starting from 690
      &lt;Scope: RedisRangedSortedListCache::AddNewPage&gt;
      Information [0]: Added new page 719 - 690
   &lt;/Scope: RedisRangedSortedListCache::AddNewPage&gt;
&lt;/Scope: RedisRangedSortedListCache::GetPageOfHigher(ctx, 689, 30)&gt;
&lt;Scope: RedisRangedSortedListCache::GetPageOfHigher(ctx, 720, 30)&gt;
   Information [0]: Page is not found
   Information [0]: Loaded 30 from data source starting from 721
      &lt;Scope: RedisRangedSortedListCache::AddNewPage&gt;
      Information [0]: Added new page 750 - 721
   &lt;/Scope: RedisRangedSortedListCache::AddNewPage&gt;
&lt;/Scope: RedisRangedSortedListCache::GetPageOfHigher(ctx, 720, 30)&gt;
&lt;Scope: RedisRangedSortedListCache::GetPageOfHigher(ctx, 751, 30)&gt;
   Information [0]: Page is not found
   Information [0]: Loaded 30 from data source starting from 752
      &lt;Scope: RedisRangedSortedListCache::AddNewPage&gt;
      Information [0]: Added new page 781 - 752
   &lt;/Scope: RedisRangedSortedListCache::AddNewPage&gt;
&lt;/Scope: RedisRangedSortedListCache::GetPageOfHigher(ctx, 751, 30)&gt;
&lt;Scope: RedisRangedSortedListCache::GetPageOfHigher(ctx, 782, 30)&gt;
   Information [0]: Page is not found
   Information [0]: Loaded 30 from data source starting from 783
      &lt;Scope: RedisRangedSortedListCache::AddNewPage&gt;
      Information [0]: Added new page 812 - 783
   &lt;/Scope: RedisRangedSortedListCache::AddNewPage&gt;
&lt;/Scope: RedisRangedSortedListCache::GetPageOfHigher(ctx, 782, 30)&gt;
&lt;Scope: RedisRangedSortedListCache::GetPageOfHigher(ctx, 813, 30)&gt;
   Information [0]: Page is not found
   Information [0]: Loaded 30 from data source starting from 814
      &lt;Scope: RedisRangedSortedListCache::AddNewPage&gt;
      Information [0]: Added new page 843 - 814
   &lt;/Scope: RedisRangedSortedListCache::AddNewPage&gt;
&lt;/Scope: RedisRangedSortedListCache::GetPageOfHigher(ctx, 813, 30)&gt;
&lt;Scope: RedisRangedSortedListCache::GetPageOfHigher(ctx, 844, 30)&gt;
   Information [0]: Page is not found
   Information [0]: Loaded 30 from data source starting from 845
      &lt;Scope: RedisRangedSortedListCache::AddNewPage&gt;
      Information [0]: Added new page 874 - 845
   &lt;/Scope: RedisRangedSortedListCache::AddNewPage&gt;
&lt;/Scope: RedisRangedSortedListCache::GetPageOfHigher(ctx, 844, 30)&gt;
&lt;Scope: RedisRangedSortedListCache::GetPageOfHigher(ctx, 875, 30)&gt;
   Information [0]: Page is not found
   Information [0]: Loaded 30 from data source starting from 876
      &lt;Scope: RedisRangedSortedListCache::AddNewPage&gt;
      Information [0]: Added new page 905 - 876
   &lt;/Scope: RedisRangedSortedListCache::AddNewPage&gt;
&lt;/Scope: RedisRangedSortedListCache::GetPageOfHigher(ctx, 875, 30)&gt;
&lt;Scope: RedisRangedSortedListCache::GetPageOfHigher(ctx, 906, 30)&gt;
   Information [0]: Page is not found
   Information [0]: Loaded 30 from data source starting from 907
      &lt;Scope: RedisRangedSortedListCache::AddNewPage&gt;
      Information [0]: Added new page 936 - 907
   &lt;/Scope: RedisRangedSortedListCache::AddNewPage&gt;
&lt;/Scope: RedisRangedSortedListCache::GetPageOfHigher(ctx, 906, 30)&gt;
&lt;Scope: RedisRangedSortedListCache::GetPageOfHigher(ctx, 937, 30)&gt;
   Information [0]: Page is not found
   Information [0]: Loaded 30 from data source starting from 938
      &lt;Scope: RedisRangedSortedListCache::AddNewPage&gt;
      Information [0]: Added new page 967 - 938
   &lt;/Scope: RedisRangedSortedListCache::AddNewPage&gt;
&lt;/Scope: RedisRangedSortedListCache::GetPageOfHigher(ctx, 937, 30)&gt;
&lt;Scope: RedisRangedSortedListCache::GetPageOfHigher(ctx, 968, 30)&gt;
   Information [0]: Page is not found
   Information [0]: Loaded 30 from data source starting from 969
      &lt;Scope: RedisRangedSortedListCache::AddNewPage&gt;
      Information [0]: Added new page 998 - 969
   &lt;/Scope: RedisRangedSortedListCache::AddNewPage&gt;
&lt;/Scope: RedisRangedSortedListCache::GetPageOfHigher(ctx, 968, 30)&gt;
&lt;Scope: RedisRangedSortedListCache::GetPageOfHigher(ctx, 999, 30)&gt;
   Information [0]: Page is not found
   Information [0]: Loaded 1 from data source starting from 1000
      &lt;Scope: RedisRangedSortedListCache::AddNewPage&gt;
      Information [0]: Added new page 1000 - 1000
   &lt;/Scope: RedisRangedSortedListCache::AddNewPage&gt;
&lt;/Scope: RedisRangedSortedListCache::GetPageOfHigher(ctx, 999, 30)&gt;</StdOut>
      </Output>
    </UnitTestResult>
    <UnitTestResult executionId="bbbd89a7-f547-4611-8a73-cfc2bfdfc78c" testId="662dc166-2d8e-5b2d-10dc-b971f5b61914" testName="CommonLibrary.Test.PrintLevelStructTest.PrintLevelStructure" computerName="5955a5bf5f87" duration="00:00:00.5306242" startTime="2024-07-02T13:00:08.9937067+00:00" endTime="2024-07-02T13:00:08.9937068+00:00" testType="13cdc9d9-ddb5-4fa4-a97d-d965ccfc6d4b" outcome="Passed" testListId="8c84fa94-04c1-424b-9868-57a2d4851a1d" relativeResultsDirectory="bbbd89a7-f547-4611-8a73-cfc2bfdfc78c">
      <Output>
        <StdOut>==============BEFORE REF REMOVAL==================
   [0] Event 56343
     Level 21964!!!!! REF
     [0] CameraController 56017
       CameraAnimation 55551
         [0] CameraController 56017!!!!! REF
         [0] FileInfo
           FileSource
             AssetFileSourceInfo
       Event 56343!!!!! REF
     [0] CameraFilterController
       CameraFilterVariant 135
         [0] CameraFilterController!!!!! REF
         [0] FileInfo
         [1] FileInfo
         [2] FileInfo
         [3] FileInfo
       Event 56343!!!!! REF
     [0] CharacterController 85238
       Character 2760
         [0] CharacterAndUmaRecipe
           Character 2760!!!!! REF
           UmaRecipe 3029
             [0] CharacterAndUmaRecipe!!!!! REF
             [0] UmaRecipeAndWardrobe
               UmaRecipe 3029!!!!! REF
             [1] UmaRecipeAndWardrobe
               UmaRecipe 3029!!!!! REF
             [2] UmaRecipeAndWardrobe
               UmaRecipe 3029!!!!! REF
             [3] UmaRecipeAndWardrobe
               UmaRecipe 3029!!!!! REF
             [4] UmaRecipeAndWardrobe
               UmaRecipe 3029!!!!! REF
             [5] UmaRecipeAndWardrobe
               UmaRecipe 3029!!!!! REF
             [6] UmaRecipeAndWardrobe
               UmaRecipe 3029!!!!! REF
             [7] UmaRecipeAndWardrobe
               UmaRecipe 3029!!!!! REF
             [8] UmaRecipeAndWardrobe
               UmaRecipe 3029!!!!! REF
         [0] CharacterController 85238!!!!! REF
         [0] FileInfo
           FileSource
         [1] FileInfo
           FileSource
         [2] FileInfo
           FileSource
       Event 56343!!!!! REF
       [0] CharacterControllerBodyAnimation
         CharacterController 85238!!!!! REF
         BodyAnimation 414
           [0] CharacterControllerBodyAnimation!!!!! REF
           [0] FileInfo
           [1] FileInfo
           [2] FileInfo
           [3] FileInfo
       [0] CharacterControllerFaceVoice 85212
         CharacterController 85238!!!!! REF
         VoiceFilter 7
           [0] FileInfo
           [1] FileInfo
           [2] FileInfo
           [0] CharacterControllerFaceVoice 85212!!!!! REF
     [0] MusicController 26663
       Event 56343!!!!! REF
       UserSound 526
         [0] FileInfo
         [0] MusicController 26663!!!!! REF
     [0] SetLocationController 55966
       Event 56343!!!!! REF
       SetLocation 370
         [0] FileInfo
         [1] FileInfo
         [2] FileInfo
         [3] FileInfo
         SetLocationBundle 303
           [0] FileInfo
           [0] SetLocation 370!!!!! REF
         [0] SetLocationAndCharacterSpawnPosition
           CharacterSpawnPosition 745
             [0] LightSettings 830
               CharacterSpawnPosition 745!!!!! REF
             [1] LightSettings 831
               CharacterSpawnPosition 745!!!!! REF
             [0] SetLocationAndCharacterSpawnPosition!!!!! REF
             [0] FileInfo
             [1] FileInfo
             [2] FileInfo
             [3] FileInfo
           SetLocation 370!!!!! REF
         [0] SetLocationController 55966!!!!! REF
     [0] FileInfo
       FileSource
     [1] FileInfo
       FileSource
   [1] Event 56344
     Level 21964!!!!! REF
     [0] CameraController 56021
       CameraAnimation 55552
         [0] CameraController 56021!!!!! REF
         [0] FileInfo
           FileSource
             AssetFileSourceInfo
       Event 56344!!!!! REF
     [0] CameraFilterController
       CameraFilterVariant 135
         [0] CameraFilterController!!!!! REF
         [0] FileInfo
         [1] FileInfo
         [2] FileInfo
         [3] FileInfo
       Event 56344!!!!! REF
     [0] CharacterController 85239
       Character 2760
         [0] CharacterAndUmaRecipe
           Character 2760!!!!! REF
           UmaRecipe 3029
             [0] CharacterAndUmaRecipe!!!!! REF
             [0] UmaRecipeAndWardrobe
               UmaRecipe 3029!!!!! REF
             [1] UmaRecipeAndWardrobe
               UmaRecipe 3029!!!!! REF
             [2] UmaRecipeAndWardrobe
               UmaRecipe 3029!!!!! REF
             [3] UmaRecipeAndWardrobe
               UmaRecipe 3029!!!!! REF
             [4] UmaRecipeAndWardrobe
               UmaRecipe 3029!!!!! REF
             [5] UmaRecipeAndWardrobe
               UmaRecipe 3029!!!!! REF
             [6] UmaRecipeAndWardrobe
               UmaRecipe 3029!!!!! REF
             [7] UmaRecipeAndWardrobe
               UmaRecipe 3029!!!!! REF
             [8] UmaRecipeAndWardrobe
               UmaRecipe 3029!!!!! REF
         [0] CharacterController 85239!!!!! REF
         [0] FileInfo
           FileSource
         [1] FileInfo
           FileSource
         [2] FileInfo
           FileSource
       Event 56344!!!!! REF
       [0] CharacterControllerBodyAnimation
         CharacterController 85239!!!!! REF
         BodyAnimation 414
           [0] CharacterControllerBodyAnimation!!!!! REF
           [0] FileInfo
           [1] FileInfo
           [2] FileInfo
           [3] FileInfo
       [0] CharacterControllerFaceVoice 85215
         CharacterController 85239!!!!! REF
         VoiceFilter 7
           [0] FileInfo
           [1] FileInfo
           [2] FileInfo
           [0] CharacterControllerFaceVoice 85215!!!!! REF
     [0] MusicController 26664
       Event 56344!!!!! REF
       UserSound 526
         [0] FileInfo
         [0] MusicController 26664!!!!! REF
     [0] SetLocationController 55963
       Event 56344!!!!! REF
       SetLocation 371
         [0] FileInfo
         [1] FileInfo
         [2] FileInfo
         [3] FileInfo
         SetLocationBundle 304
           [0] FileInfo
           [0] SetLocation 371!!!!! REF
         [0] SetLocationAndCharacterSpawnPosition
           CharacterSpawnPosition 746
             [0] LightSettings 832
               CharacterSpawnPosition 746!!!!! REF
             [1] LightSettings 833
               CharacterSpawnPosition 746!!!!! REF
             [0] SetLocationAndCharacterSpawnPosition!!!!! REF
             [0] FileInfo
             [1] FileInfo
             [2] FileInfo
             [3] FileInfo
           SetLocation 371!!!!! REF
         [0] SetLocationController 55963!!!!! REF
     [0] FileInfo
       FileSource
     [1] FileInfo
       FileSource
   [2] Event 56345
     Level 21964!!!!! REF
     [0] CameraController 56020
       CameraAnimation 55553
         [0] CameraController 56020!!!!! REF
         [0] FileInfo
           FileSource
             AssetFileSourceInfo
       Event 56345!!!!! REF
     [0] CameraFilterController
       CameraFilterVariant 135
         [0] CameraFilterController!!!!! REF
         [0] FileInfo
         [1] FileInfo
         [2] FileInfo
         [3] FileInfo
       Event 56345!!!!! REF
     [0] CharacterController 85242
       Character 2760
         [0] CharacterAndUmaRecipe
           Character 2760!!!!! REF
           UmaRecipe 3029
             [0] CharacterAndUmaRecipe!!!!! REF
             [0] UmaRecipeAndWardrobe
               UmaRecipe 3029!!!!! REF
             [1] UmaRecipeAndWardrobe
               UmaRecipe 3029!!!!! REF
             [2] UmaRecipeAndWardrobe
               UmaRecipe 3029!!!!! REF
             [3] UmaRecipeAndWardrobe
               UmaRecipe 3029!!!!! REF
             [4] UmaRecipeAndWardrobe
               UmaRecipe 3029!!!!! REF
             [5] UmaRecipeAndWardrobe
               UmaRecipe 3029!!!!! REF
             [6] UmaRecipeAndWardrobe
               UmaRecipe 3029!!!!! REF
             [7] UmaRecipeAndWardrobe
               UmaRecipe 3029!!!!! REF
             [8] UmaRecipeAndWardrobe
               UmaRecipe 3029!!!!! REF
         [0] CharacterController 85242!!!!! REF
         [0] FileInfo
           FileSource
         [1] FileInfo
           FileSource
         [2] FileInfo
           FileSource
       Event 56345!!!!! REF
       [0] CharacterControllerBodyAnimation
         CharacterController 85242!!!!! REF
         BodyAnimation 414
           [0] CharacterControllerBodyAnimation!!!!! REF
           [0] FileInfo
           [1] FileInfo
           [2] FileInfo
           [3] FileInfo
       [0] CharacterControllerFaceVoice 85220
         CharacterController 85242!!!!! REF
         VoiceFilter 7
           [0] FileInfo
           [1] FileInfo
           [2] FileInfo
           [0] CharacterControllerFaceVoice 85220!!!!! REF
     [0] MusicController 26666
       Event 56345!!!!! REF
       UserSound 526
         [0] FileInfo
         [0] MusicController 26666!!!!! REF
     [0] SetLocationController 55968
       Event 56345!!!!! REF
       SetLocation 372
         [0] FileInfo
         [1] FileInfo
         [2] FileInfo
         [3] FileInfo
         SetLocationBundle 340
           [0] FileInfo
           [0] SetLocation 372!!!!! REF
         [0] SetLocationAndCharacterSpawnPosition
           CharacterSpawnPosition 818
             [0] LightSettings 977
               CharacterSpawnPosition 818!!!!! REF
             [1] LightSettings 978
               CharacterSpawnPosition 818!!!!! REF
             [0] SetLocationAndCharacterSpawnPosition!!!!! REF
             [0] FileInfo
             [1] FileInfo
             [2] FileInfo
             [3] FileInfo
           SetLocation 372!!!!! REF
         [1] SetLocationAndCharacterSpawnPosition
           CharacterSpawnPosition 819
             [0] LightSettings 979
               CharacterSpawnPosition 819!!!!! REF
             [1] LightSettings 980
               CharacterSpawnPosition 819!!!!! REF
             [0] SetLocationAndCharacterSpawnPosition!!!!! REF
             [0] FileInfo
             [1] FileInfo
             [2] FileInfo
             [3] FileInfo
           SetLocation 372!!!!! REF
         [0] SetLocationController 55968!!!!! REF
     [0] FileInfo
       FileSource
     [1] FileInfo
       FileSource
   [3] Event 56346
     Level 21964!!!!! REF
     [0] CameraController 56018
       CameraAnimation 55554
         [0] CameraController 56018!!!!! REF
         [0] FileInfo
           FileSource
             AssetFileSourceInfo
       Event 56346!!!!! REF
     [0] CameraFilterController
       CameraFilterVariant 168
         [0] CameraFilterController!!!!! REF
         [0] FileInfo
         [1] FileInfo
         [2] FileInfo
         [3] FileInfo
       Event 56346!!!!! REF
     [0] CharacterController 85240
       Character 1218
         [0] CharacterAndUmaRecipe
           Character 1218!!!!! REF
           UmaRecipe 1157
             [0] CharacterAndUmaRecipe!!!!! REF
             [0] UmaRecipeAndWardrobe
               UmaRecipe 1157!!!!! REF
             [1] UmaRecipeAndWardrobe
               UmaRecipe 1157!!!!! REF
             [2] UmaRecipeAndWardrobe
               UmaRecipe 1157!!!!! REF
             [3] UmaRecipeAndWardrobe
               UmaRecipe 1157!!!!! REF
             [4] UmaRecipeAndWardrobe
               UmaRecipe 1157!!!!! REF
             [5] UmaRecipeAndWardrobe
               UmaRecipe 1157!!!!! REF
             [6] UmaRecipeAndWardrobe
               UmaRecipe 1157!!!!! REF
             [7] UmaRecipeAndWardrobe
               UmaRecipe 1157!!!!! REF
             [8] UmaRecipeAndWardrobe
               UmaRecipe 1157!!!!! REF
         [0] CharacterController 85240!!!!! REF
         [0] FileInfo
         [1] FileInfo
         [2] FileInfo
       Event 56346!!!!! REF
       [0] CharacterControllerBodyAnimation
         CharacterController 85240!!!!! REF
         BodyAnimation 418
           [0] CharacterControllerBodyAnimation!!!!! REF
           [0] FileInfo
           [1] FileInfo
           [2] FileInfo
           [3] FileInfo
       [0] CharacterControllerFaceVoice 85224
         CharacterController 85240!!!!! REF
         VoiceFilter 7
           [0] FileInfo
           [1] FileInfo
           [2] FileInfo
           [0] CharacterControllerFaceVoice 85224!!!!! REF
     [1] CharacterController 85241
       Character 1221
         [0] CharacterAndUmaRecipe
           Character 1221!!!!! REF
           UmaRecipe 1160
             [0] CharacterAndUmaRecipe!!!!! REF
             [0] UmaRecipeAndWardrobe
               UmaRecipe 1160!!!!! REF
             [1] UmaRecipeAndWardrobe
               UmaRecipe 1160!!!!! REF
             [2] UmaRecipeAndWardrobe
               UmaRecipe 1160!!!!! REF
             [3] UmaRecipeAndWardrobe
               UmaRecipe 1160!!!!! REF
             [4] UmaRecipeAndWardrobe
               UmaRecipe 1160!!!!! REF
             [5] UmaRecipeAndWardrobe
               UmaRecipe 1160!!!!! REF
             [6] UmaRecipeAndWardrobe
               UmaRecipe 1160!!!!! REF
         [0] CharacterController 85241!!!!! REF
         [0] FileInfo
         [1] FileInfo
         [2] FileInfo
       Event 56346!!!!! REF
       [0] CharacterControllerBodyAnimation
         CharacterController 85241!!!!! REF
         BodyAnimation 418
           [0] CharacterControllerBodyAnimation!!!!! REF
           [0] FileInfo
           [1] FileInfo
           [2] FileInfo
           [3] FileInfo
       [0] CharacterControllerFaceVoice 85210
         CharacterController 85241!!!!! REF
         VoiceFilter 7
           [0] FileInfo
           [1] FileInfo
           [2] FileInfo
           [0] CharacterControllerFaceVoice 85210!!!!! REF
     [2] CharacterController 85243
       Character 1220
         [0] CharacterAndUmaRecipe
           Character 1220!!!!! REF
           UmaRecipe 1159
             [0] CharacterAndUmaRecipe!!!!! REF
             [0] UmaRecipeAndWardrobe
               UmaRecipe 1159!!!!! REF
             [1] UmaRecipeAndWardrobe
               UmaRecipe 1159!!!!! REF
             [2] UmaRecipeAndWardrobe
               UmaRecipe 1159!!!!! REF
             [3] UmaRecipeAndWardrobe
               UmaRecipe 1159!!!!! REF
             [4] UmaRecipeAndWardrobe
               UmaRecipe 1159!!!!! REF
             [5] UmaRecipeAndWardrobe
               UmaRecipe 1159!!!!! REF
         [0] CharacterController 85243!!!!! REF
         [0] FileInfo
         [1] FileInfo
         [2] FileInfo
       Event 56346!!!!! REF
       [0] CharacterControllerBodyAnimation
         CharacterController 85243!!!!! REF
         BodyAnimation 418
           [0] CharacterControllerBodyAnimation!!!!! REF
           [0] FileInfo
           [1] FileInfo
           [2] FileInfo
           [3] FileInfo
       [0] CharacterControllerFaceVoice 85225
         CharacterController 85243!!!!! REF
         VoiceFilter 7
           [0] FileInfo
           [1] FileInfo
           [2] FileInfo
           [0] CharacterControllerFaceVoice 85225!!!!! REF
     [0] MusicController 26668
       Event 56346!!!!! REF
       UserSound 526
         [0] FileInfo
         [0] MusicController 26668!!!!! REF
     [0] SetLocationController 55965
       Event 56346!!!!! REF
       SetLocation 404
         [0] FileInfo
         [1] FileInfo
         [2] FileInfo
         [3] FileInfo
         SetLocationBundle 366
           [0] FileInfo
           [0] SetLocation 404!!!!! REF
         [0] SetLocationAndCharacterSpawnPosition
           CharacterSpawnPosition 870
             [0] LightSettings 1081
               CharacterSpawnPosition 870!!!!! REF
             [1] LightSettings 1082
               CharacterSpawnPosition 870!!!!! REF
             [0] SetLocationAndCharacterSpawnPosition!!!!! REF
             [0] FileInfo
             [1] FileInfo
             [2] FileInfo
             [3] FileInfo
           SetLocation 404!!!!! REF
         [0] SetLocationController 55965!!!!! REF
     [0] FileInfo
       FileSource
     [1] FileInfo
       FileSource
   [4] Event 56347
     Level 21964!!!!! REF
     [0] CameraController 56023
       CameraAnimation 55555
         [0] CameraController 56023!!!!! REF
         [0] FileInfo
           FileSource
             AssetFileSourceInfo
       Event 56347!!!!! REF
     [0] CameraFilterController
       CameraFilterVariant 59
         [0] CameraFilterController!!!!! REF
         [0] FileInfo
         [1] FileInfo
         [2] FileInfo
         [3] FileInfo
       Event 56347!!!!! REF
     [0] CharacterController 85236
       Character 1220
         [0] CharacterAndUmaRecipe
           Character 1220!!!!! REF
           UmaRecipe 1159
             [0] CharacterAndUmaRecipe!!!!! REF
             [0] UmaRecipeAndWardrobe
               UmaRecipe 1159!!!!! REF
             [1] UmaRecipeAndWardrobe
               UmaRecipe 1159!!!!! REF
             [2] UmaRecipeAndWardrobe
               UmaRecipe 1159!!!!! REF
             [3] UmaRecipeAndWardrobe
               UmaRecipe 1159!!!!! REF
             [4] UmaRecipeAndWardrobe
               UmaRecipe 1159!!!!! REF
             [5] UmaRecipeAndWardrobe
               UmaRecipe 1159!!!!! REF
         [0] CharacterController 85236!!!!! REF
         [0] FileInfo
         [1] FileInfo
         [2] FileInfo
       Event 56347!!!!! REF
       [0] CharacterControllerBodyAnimation
         CharacterController 85236!!!!! REF
         BodyAnimation 418
           [0] CharacterControllerBodyAnimation!!!!! REF
           [0] FileInfo
           [1] FileInfo
           [2] FileInfo
           [3] FileInfo
       [0] CharacterControllerFaceVoice 85226
         CharacterController 85236!!!!! REF
         VoiceFilter 7
           [0] FileInfo
           [1] FileInfo
           [2] FileInfo
           [0] CharacterControllerFaceVoice 85226!!!!! REF
     [1] CharacterController 85237
       Character 1221
         [0] CharacterAndUmaRecipe
           Character 1221!!!!! REF
           UmaRecipe 1160
             [0] CharacterAndUmaRecipe!!!!! REF
             [0] UmaRecipeAndWardrobe
               UmaRecipe 1160!!!!! REF
             [1] UmaRecipeAndWardrobe
               UmaRecipe 1160!!!!! REF
             [2] UmaRecipeAndWardrobe
               UmaRecipe 1160!!!!! REF
             [3] UmaRecipeAndWardrobe
               UmaRecipe 1160!!!!! REF
             [4] UmaRecipeAndWardrobe
               UmaRecipe 1160!!!!! REF
             [5] UmaRecipeAndWardrobe
               UmaRecipe 1160!!!!! REF
             [6] UmaRecipeAndWardrobe
               UmaRecipe 1160!!!!! REF
         [0] CharacterController 85237!!!!! REF
         [0] FileInfo
         [1] FileInfo
         [2] FileInfo
       Event 56347!!!!! REF
       [0] CharacterControllerBodyAnimation
         CharacterController 85237!!!!! REF
         BodyAnimation 418
           [0] CharacterControllerBodyAnimation!!!!! REF
           [0] FileInfo
           [1] FileInfo
           [2] FileInfo
           [3] FileInfo
       [0] CharacterControllerFaceVoice 85227
         CharacterController 85237!!!!! REF
         VoiceFilter 7
           [0] FileInfo
           [1] FileInfo
           [2] FileInfo
           [0] CharacterControllerFaceVoice 85227!!!!! REF
     [2] CharacterController 85244
       Character 1218
         [0] CharacterAndUmaRecipe
           Character 1218!!!!! REF
           UmaRecipe 1157
             [0] CharacterAndUmaRecipe!!!!! REF
             [0] UmaRecipeAndWardrobe
               UmaRecipe 1157!!!!! REF
             [1] UmaRecipeAndWardrobe
               UmaRecipe 1157!!!!! REF
             [2] UmaRecipeAndWardrobe
               UmaRecipe 1157!!!!! REF
             [3] UmaRecipeAndWardrobe
               UmaRecipe 1157!!!!! REF
             [4] UmaRecipeAndWardrobe
               UmaRecipe 1157!!!!! REF
             [5] UmaRecipeAndWardrobe
               UmaRecipe 1157!!!!! REF
             [6] UmaRecipeAndWardrobe
               UmaRecipe 1157!!!!! REF
             [7] UmaRecipeAndWardrobe
               UmaRecipe 1157!!!!! REF
             [8] UmaRecipeAndWardrobe
               UmaRecipe 1157!!!!! REF
         [0] CharacterController 85244!!!!! REF
         [0] FileInfo
         [1] FileInfo
         [2] FileInfo
       Event 56347!!!!! REF
       [0] CharacterControllerBodyAnimation
         CharacterController 85244!!!!! REF
         BodyAnimation 418
           [0] CharacterControllerBodyAnimation!!!!! REF
           [0] FileInfo
           [1] FileInfo
           [2] FileInfo
           [3] FileInfo
       [0] CharacterControllerFaceVoice 85219
         CharacterController 85244!!!!! REF
         VoiceFilter 7
           [0] FileInfo
           [1] FileInfo
           [2] FileInfo
           [0] CharacterControllerFaceVoice 85219!!!!! REF
     [0] MusicController 26662
       Event 56347!!!!! REF
       UserSound 526
         [0] FileInfo
         [0] MusicController 26662!!!!! REF
     [0] SetLocationController 55967
       Event 56347!!!!! REF
       SetLocation 297
         [0] FileInfo
         [1] FileInfo
         [2] FileInfo
         [3] FileInfo
         SetLocationBundle 269
           [0] FileInfo
           [0] SetLocation 297!!!!! REF
         [0] SetLocationAndCharacterSpawnPosition
           CharacterSpawnPosition 661
             [0] LightSettings 662
               CharacterSpawnPosition 661!!!!! REF
             [1] LightSettings 663
               CharacterSpawnPosition 661!!!!! REF
             [0] SetLocationAndCharacterSpawnPosition!!!!! REF
             [0] FileInfo
             [1] FileInfo
             [2] FileInfo
             [3] FileInfo
           SetLocation 297!!!!! REF
         [1] SetLocationAndCharacterSpawnPosition
           CharacterSpawnPosition 662
             [0] LightSettings 664
               CharacterSpawnPosition 662!!!!! REF
             [1] LightSettings 665
               CharacterSpawnPosition 662!!!!! REF
             [0] SetLocationAndCharacterSpawnPosition!!!!! REF
             [0] FileInfo
             [1] FileInfo
             [2] FileInfo
             [3] FileInfo
           SetLocation 297!!!!! REF
         [2] SetLocationAndCharacterSpawnPosition
           CharacterSpawnPosition 761
             [0] LightSettings 862
               CharacterSpawnPosition 761!!!!! REF
             [1] LightSettings 863
               CharacterSpawnPosition 761!!!!! REF
             [0] SetLocationAndCharacterSpawnPosition!!!!! REF
             [0] FileInfo
             [1] FileInfo
             [2] FileInfo
             [3] FileInfo
           SetLocation 297!!!!! REF
         [0] SetLocationController 55967!!!!! REF
     [0] FileInfo
       FileSource
     [1] FileInfo
       FileSource
   [5] Event 56348
     Level 21964!!!!! REF
     [0] CameraController 56019
       CameraAnimation 55556
         [0] CameraController 56019!!!!! REF
         [0] FileInfo
           FileSource
             AssetFileSourceInfo
       Event 56348!!!!! REF
     [0] CameraFilterController
       CameraFilterVariant 116
         [0] CameraFilterController!!!!! REF
         [0] FileInfo
         [1] FileInfo
         [2] FileInfo
         [3] FileInfo
       Event 56348!!!!! REF
     [0] CharacterController 85227
       Character 1220
         [0] CharacterAndUmaRecipe
           Character 1220!!!!! REF
           UmaRecipe 1159
             [0] CharacterAndUmaRecipe!!!!! REF
             [0] UmaRecipeAndWardrobe
               UmaRecipe 1159!!!!! REF
             [1] UmaRecipeAndWardrobe
               UmaRecipe 1159!!!!! REF
             [2] UmaRecipeAndWardrobe
               UmaRecipe 1159!!!!! REF
             [3] UmaRecipeAndWardrobe
               UmaRecipe 1159!!!!! REF
             [4] UmaRecipeAndWardrobe
               UmaRecipe 1159!!!!! REF
             [5] UmaRecipeAndWardrobe
               UmaRecipe 1159!!!!! REF
         [0] CharacterController 85227!!!!! REF
         [0] FileInfo
         [1] FileInfo
         [2] FileInfo
       Event 56348!!!!! REF
       [0] CharacterControllerBodyAnimation
         CharacterController 85227!!!!! REF
         BodyAnimation 418
           [0] CharacterControllerBodyAnimation!!!!! REF
           [0] FileInfo
           [1] FileInfo
           [2] FileInfo
           [3] FileInfo
       [0] CharacterControllerFaceVoice 85217
         CharacterController 85227!!!!! REF
         VoiceFilter 7
           [0] FileInfo
           [1] FileInfo
           [2] FileInfo
           [0] CharacterControllerFaceVoice 85217!!!!! REF
     [1] CharacterController 85228
       Character 1221
         [0] CharacterAndUmaRecipe
           Character 1221!!!!! REF
           UmaRecipe 1160
             [0] CharacterAndUmaRecipe!!!!! REF
             [0] UmaRecipeAndWardrobe
               UmaRecipe 1160!!!!! REF
             [1] UmaRecipeAndWardrobe
               UmaRecipe 1160!!!!! REF
             [2] UmaRecipeAndWardrobe
               UmaRecipe 1160!!!!! REF
             [3] UmaRecipeAndWardrobe
               UmaRecipe 1160!!!!! REF
             [4] UmaRecipeAndWardrobe
               UmaRecipe 1160!!!!! REF
             [5] UmaRecipeAndWardrobe
               UmaRecipe 1160!!!!! REF
             [6] UmaRecipeAndWardrobe
               UmaRecipe 1160!!!!! REF
         [0] CharacterController 85228!!!!! REF
         [0] FileInfo
         [1] FileInfo
         [2] FileInfo
       Event 56348!!!!! REF
       [0] CharacterControllerBodyAnimation
         CharacterController 85228!!!!! REF
         BodyAnimation 418
           [0] CharacterControllerBodyAnimation!!!!! REF
           [0] FileInfo
           [1] FileInfo
           [2] FileInfo
           [3] FileInfo
       [0] CharacterControllerFaceVoice 85214
         CharacterController 85228!!!!! REF
         VoiceFilter 7
           [0] FileInfo
           [1] FileInfo
           [2] FileInfo
           [0] CharacterControllerFaceVoice 85214!!!!! REF
     [2] CharacterController 85235
       Character 1218
         [0] CharacterAndUmaRecipe
           Character 1218!!!!! REF
           UmaRecipe 1157
             [0] CharacterAndUmaRecipe!!!!! REF
             [0] UmaRecipeAndWardrobe
               UmaRecipe 1157!!!!! REF
             [1] UmaRecipeAndWardrobe
               UmaRecipe 1157!!!!! REF
             [2] UmaRecipeAndWardrobe
               UmaRecipe 1157!!!!! REF
             [3] UmaRecipeAndWardrobe
               UmaRecipe 1157!!!!! REF
             [4] UmaRecipeAndWardrobe
               UmaRecipe 1157!!!!! REF
             [5] UmaRecipeAndWardrobe
               UmaRecipe 1157!!!!! REF
             [6] UmaRecipeAndWardrobe
               UmaRecipe 1157!!!!! REF
             [7] UmaRecipeAndWardrobe
               UmaRecipe 1157!!!!! REF
             [8] UmaRecipeAndWardrobe
               UmaRecipe 1157!!!!! REF
         [0] CharacterController 85235!!!!! REF
         [0] FileInfo
         [1] FileInfo
         [2] FileInfo
       Event 56348!!!!! REF
       [0] CharacterControllerBodyAnimation
         CharacterController 85235!!!!! REF
         BodyAnimation 418
           [0] CharacterControllerBodyAnimation!!!!! REF
           [0] FileInfo
           [1] FileInfo
           [2] FileInfo
           [3] FileInfo
       [0] CharacterControllerFaceVoice 85213
         CharacterController 85235!!!!! REF
         VoiceFilter 7
           [0] FileInfo
           [1] FileInfo
           [2] FileInfo
           [0] CharacterControllerFaceVoice 85213!!!!! REF
     [0] MusicController 26667
       Event 56348!!!!! REF
       UserSound 526
         [0] FileInfo
         [0] MusicController 26667!!!!! REF
     [0] SetLocationController 55962
       Event 56348!!!!! REF
       SetLocation 291
         [0] FileInfo
         [1] FileInfo
         [2] FileInfo
         [3] FileInfo
         SetLocationBundle 262
           [0] FileInfo
           [0] SetLocation 291!!!!! REF
         [0] SetLocationAndCharacterSpawnPosition
           CharacterSpawnPosition 642
             [0] LightSettings 624
               CharacterSpawnPosition 642!!!!! REF
             [1] LightSettings 625
               CharacterSpawnPosition 642!!!!! REF
             [0] SetLocationAndCharacterSpawnPosition!!!!! REF
             [0] FileInfo
             [1] FileInfo
             [2] FileInfo
             [3] FileInfo
           SetLocation 291!!!!! REF
         [1] SetLocationAndCharacterSpawnPosition
           CharacterSpawnPosition 643
             [0] LightSettings 626
               CharacterSpawnPosition 643!!!!! REF
             [1] LightSettings 627
               CharacterSpawnPosition 643!!!!! REF
             [0] SetLocationAndCharacterSpawnPosition!!!!! REF
             [0] FileInfo
             [1] FileInfo
             [2] FileInfo
             [3] FileInfo
           SetLocation 291!!!!! REF
         [2] SetLocationAndCharacterSpawnPosition
           CharacterSpawnPosition 644
             [0] LightSettings 628
               CharacterSpawnPosition 644!!!!! REF
             [1] LightSettings 629
               CharacterSpawnPosition 644!!!!! REF
             [0] SetLocationAndCharacterSpawnPosition!!!!! REF
             [0] FileInfo
             [1] FileInfo
             [2] FileInfo
             [3] FileInfo
           SetLocation 291!!!!! REF
         [0] SetLocationController 55962!!!!! REF
     [0] FileInfo
       FileSource
     [1] FileInfo
       FileSource
   [6] Event 56349
     Level 21964!!!!! REF
     [0] CameraController 56024
       CameraAnimation 55557
         [0] CameraController 56024!!!!! REF
         [0] FileInfo
           FileSource
             AssetFileSourceInfo
       Event 56349!!!!! REF
     [0] CameraFilterController
       CameraFilterVariant 116
         [0] CameraFilterController!!!!! REF
         [0] FileInfo
         [1] FileInfo
         [2] FileInfo
         [3] FileInfo
       Event 56349!!!!! REF
     [0] CharacterController 85229
       Character 1221
         [0] CharacterAndUmaRecipe
           Character 1221!!!!! REF
           UmaRecipe 1160
             [0] CharacterAndUmaRecipe!!!!! REF
             [0] UmaRecipeAndWardrobe
               UmaRecipe 1160!!!!! REF
             [1] UmaRecipeAndWardrobe
               UmaRecipe 1160!!!!! REF
             [2] UmaRecipeAndWardrobe
               UmaRecipe 1160!!!!! REF
             [3] UmaRecipeAndWardrobe
               UmaRecipe 1160!!!!! REF
             [4] UmaRecipeAndWardrobe
               UmaRecipe 1160!!!!! REF
             [5] UmaRecipeAndWardrobe
               UmaRecipe 1160!!!!! REF
             [6] UmaRecipeAndWardrobe
               UmaRecipe 1160!!!!! REF
         [0] CharacterController 85229!!!!! REF
         [0] FileInfo
         [1] FileInfo
         [2] FileInfo
       Event 56349!!!!! REF
       [0] CharacterControllerBodyAnimation
         CharacterController 85229!!!!! REF
         BodyAnimation 418
           [0] CharacterControllerBodyAnimation!!!!! REF
           [0] FileInfo
           [1] FileInfo
           [2] FileInfo
           [3] FileInfo
       [0] CharacterControllerFaceVoice 85222
         CharacterController 85229!!!!! REF
         VoiceFilter 7
           [0] FileInfo
           [1] FileInfo
           [2] FileInfo
           [0] CharacterControllerFaceVoice 85222!!!!! REF
     [1] CharacterController 85230
       Character 1220
         [0] CharacterAndUmaRecipe
           Character 1220!!!!! REF
           UmaRecipe 1159
             [0] CharacterAndUmaRecipe!!!!! REF
             [0] UmaRecipeAndWardrobe
               UmaRecipe 1159!!!!! REF
             [1] UmaRecipeAndWardrobe
               UmaRecipe 1159!!!!! REF
             [2] UmaRecipeAndWardrobe
               UmaRecipe 1159!!!!! REF
             [3] UmaRecipeAndWardrobe
               UmaRecipe 1159!!!!! REF
             [4] UmaRecipeAndWardrobe
               UmaRecipe 1159!!!!! REF
             [5] UmaRecipeAndWardrobe
               UmaRecipe 1159!!!!! REF
         [0] CharacterController 85230!!!!! REF
         [0] FileInfo
         [1] FileInfo
         [2] FileInfo
       Event 56349!!!!! REF
       [0] CharacterControllerBodyAnimation
         CharacterController 85230!!!!! REF
         BodyAnimation 418
           [0] CharacterControllerBodyAnimation!!!!! REF
           [0] FileInfo
           [1] FileInfo
           [2] FileInfo
           [3] FileInfo
       [0] CharacterControllerFaceVoice 85211
         CharacterController 85230!!!!! REF
         VoiceFilter 7
           [0] FileInfo
           [1] FileInfo
           [2] FileInfo
           [0] CharacterControllerFaceVoice 85211!!!!! REF
     [2] CharacterController 85231
       Character 1218
         [0] CharacterAndUmaRecipe
           Character 1218!!!!! REF
           UmaRecipe 1157
             [0] CharacterAndUmaRecipe!!!!! REF
             [0] UmaRecipeAndWardrobe
               UmaRecipe 1157!!!!! REF
             [1] UmaRecipeAndWardrobe
               UmaRecipe 1157!!!!! REF
             [2] UmaRecipeAndWardrobe
               UmaRecipe 1157!!!!! REF
             [3] UmaRecipeAndWardrobe
               UmaRecipe 1157!!!!! REF
             [4] UmaRecipeAndWardrobe
               UmaRecipe 1157!!!!! REF
             [5] UmaRecipeAndWardrobe
               UmaRecipe 1157!!!!! REF
             [6] UmaRecipeAndWardrobe
               UmaRecipe 1157!!!!! REF
             [7] UmaRecipeAndWardrobe
               UmaRecipe 1157!!!!! REF
             [8] UmaRecipeAndWardrobe
               UmaRecipe 1157!!!!! REF
         [0] CharacterController 85231!!!!! REF
         [0] FileInfo
         [1] FileInfo
         [2] FileInfo
       Event 56349!!!!! REF
       [0] CharacterControllerBodyAnimation
         CharacterController 85231!!!!! REF
         BodyAnimation 418
           [0] CharacterControllerBodyAnimation!!!!! REF
           [0] FileInfo
           [1] FileInfo
           [2] FileInfo
           [3] FileInfo
       [0] CharacterControllerFaceVoice 85216
         CharacterController 85231!!!!! REF
         VoiceFilter 7
           [0] FileInfo
           [1] FileInfo
           [2] FileInfo
           [0] CharacterControllerFaceVoice 85216!!!!! REF
     [0] MusicController 26665
       Event 56349!!!!! REF
       UserSound 526
         [0] FileInfo
         [0] MusicController 26665!!!!! REF
     [0] SetLocationController 55964
       Event 56349!!!!! REF
       SetLocation 291
         [0] FileInfo
         [1] FileInfo
         [2] FileInfo
         [3] FileInfo
         SetLocationBundle 262
           [0] FileInfo
           [0] SetLocation 291!!!!! REF
         [0] SetLocationAndCharacterSpawnPosition
           CharacterSpawnPosition 642
             [0] LightSettings 624
               CharacterSpawnPosition 642!!!!! REF
             [1] LightSettings 625
               CharacterSpawnPosition 642!!!!! REF
             [0] SetLocationAndCharacterSpawnPosition!!!!! REF
             [0] FileInfo
             [1] FileInfo
             [2] FileInfo
             [3] FileInfo
           SetLocation 291!!!!! REF
         [1] SetLocationAndCharacterSpawnPosition
           CharacterSpawnPosition 643
             [0] LightSettings 626
               CharacterSpawnPosition 643!!!!! REF
             [1] LightSettings 627
               CharacterSpawnPosition 643!!!!! REF
             [0] SetLocationAndCharacterSpawnPosition!!!!! REF
             [0] FileInfo
             [1] FileInfo
             [2] FileInfo
             [3] FileInfo
           SetLocation 291!!!!! REF
         [2] SetLocationAndCharacterSpawnPosition
           CharacterSpawnPosition 644
             [0] LightSettings 628
               CharacterSpawnPosition 644!!!!! REF
             [1] LightSettings 629
               CharacterSpawnPosition 644!!!!! REF
             [0] SetLocationAndCharacterSpawnPosition!!!!! REF
             [0] FileInfo
             [1] FileInfo
             [2] FileInfo
             [3] FileInfo
           SetLocation 291!!!!! REF
         [0] SetLocationController 55964!!!!! REF
     [0] FileInfo
       FileSource
     [1] FileInfo
       FileSource
   [7] Event 56350
     Level 21964!!!!! REF
     [0] CameraController 56022
       CameraAnimation 55558
         [0] CameraController 56022!!!!! REF
         [0] FileInfo
           FileSource
             AssetFileSourceInfo
       Event 56350!!!!! REF
     [0] CameraFilterController
       CameraFilterVariant 139
         [0] CameraFilterController!!!!! REF
         [0] FileInfo
         [1] FileInfo
         [2] FileInfo
         [3] FileInfo
       Event 56350!!!!! REF
     [0] CharacterController 85232
       Character 1220
         [0] CharacterAndUmaRecipe
           Character 1220!!!!! REF
           UmaRecipe 1159
             [0] CharacterAndUmaRecipe!!!!! REF
             [0] UmaRecipeAndWardrobe
               UmaRecipe 1159!!!!! REF
             [1] UmaRecipeAndWardrobe
               UmaRecipe 1159!!!!! REF
             [2] UmaRecipeAndWardrobe
               UmaRecipe 1159!!!!! REF
             [3] UmaRecipeAndWardrobe
               UmaRecipe 1159!!!!! REF
             [4] UmaRecipeAndWardrobe
               UmaRecipe 1159!!!!! REF
             [5] UmaRecipeAndWardrobe
               UmaRecipe 1159!!!!! REF
         [0] CharacterController 85232!!!!! REF
         [0] FileInfo
         [1] FileInfo
         [2] FileInfo
       Event 56350!!!!! REF
       [0] CharacterControllerBodyAnimation
         CharacterController 85232!!!!! REF
         BodyAnimation 416
           [0] CharacterControllerBodyAnimation!!!!! REF
           [0] FileInfo
           [1] FileInfo
           [2] FileInfo
           [3] FileInfo
       [0] CharacterControllerFaceVoice 85223
         CharacterController 85232!!!!! REF
         VoiceFilter 7
           [0] FileInfo
           [1] FileInfo
           [2] FileInfo
           [0] CharacterControllerFaceVoice 85223!!!!! REF
     [1] CharacterController 85233
       Character 1221
         [0] CharacterAndUmaRecipe
           Character 1221!!!!! REF
           UmaRecipe 1160
             [0] CharacterAndUmaRecipe!!!!! REF
             [0] UmaRecipeAndWardrobe
               UmaRecipe 1160!!!!! REF
             [1] UmaRecipeAndWardrobe
               UmaRecipe 1160!!!!! REF
             [2] UmaRecipeAndWardrobe
               UmaRecipe 1160!!!!! REF
             [3] UmaRecipeAndWardrobe
               UmaRecipe 1160!!!!! REF
             [4] UmaRecipeAndWardrobe
               UmaRecipe 1160!!!!! REF
             [5] UmaRecipeAndWardrobe
               UmaRecipe 1160!!!!! REF
             [6] UmaRecipeAndWardrobe
               UmaRecipe 1160!!!!! REF
         [0] CharacterController 85233!!!!! REF
         [0] FileInfo
         [1] FileInfo
         [2] FileInfo
       Event 56350!!!!! REF
       [0] CharacterControllerBodyAnimation
         CharacterController 85233!!!!! REF
         BodyAnimation 416
           [0] CharacterControllerBodyAnimation!!!!! REF
           [0] FileInfo
           [1] FileInfo
           [2] FileInfo
           [3] FileInfo
       [0] CharacterControllerFaceVoice 85221
         CharacterController 85233!!!!! REF
         VoiceFilter 7
           [0] FileInfo
           [1] FileInfo
           [2] FileInfo
           [0] CharacterControllerFaceVoice 85221!!!!! REF
     [2] CharacterController 85234
       Character 1218
         [0] CharacterAndUmaRecipe
           Character 1218!!!!! REF
           UmaRecipe 1157
             [0] CharacterAndUmaRecipe!!!!! REF
             [0] UmaRecipeAndWardrobe
               UmaRecipe 1157!!!!! REF
             [1] UmaRecipeAndWardrobe
               UmaRecipe 1157!!!!! REF
             [2] UmaRecipeAndWardrobe
               UmaRecipe 1157!!!!! REF
             [3] UmaRecipeAndWardrobe
               UmaRecipe 1157!!!!! REF
             [4] UmaRecipeAndWardrobe
               UmaRecipe 1157!!!!! REF
             [5] UmaRecipeAndWardrobe
               UmaRecipe 1157!!!!! REF
             [6] UmaRecipeAndWardrobe
               UmaRecipe 1157!!!!! REF
             [7] UmaRecipeAndWardrobe
               UmaRecipe 1157!!!!! REF
             [8] UmaRecipeAndWardrobe
               UmaRecipe 1157!!!!! REF
         [0] CharacterController 85234!!!!! REF
         [0] FileInfo
         [1] FileInfo
         [2] FileInfo
       Event 56350!!!!! REF
       [0] CharacterControllerBodyAnimation
         CharacterController 85234!!!!! REF
         BodyAnimation 416
           [0] CharacterControllerBodyAnimation!!!!! REF
           [0] FileInfo
           [1] FileInfo
           [2] FileInfo
           [3] FileInfo
       [0] CharacterControllerFaceVoice 85218
         CharacterController 85234!!!!! REF
         VoiceFilter 7
           [0] FileInfo
           [1] FileInfo
           [2] FileInfo
           [0] CharacterControllerFaceVoice 85218!!!!! REF
     [0] MusicController 26669
       Event 56350!!!!! REF
       UserSound 526
         [0] FileInfo
         [0] MusicController 26669!!!!! REF
     [0] SetLocationController 55969
       Event 56350!!!!! REF
       SetLocation 211
         [0] FileInfo
         [1] FileInfo
         [2] FileInfo
         [3] FileInfo
         SetLocationBundle 182
           [0] FileInfo
           [0] SetLocation 211!!!!! REF
         [0] SetLocationAndCharacterSpawnPosition
           CharacterSpawnPosition 446
             [0] LightSettings 229
               CharacterSpawnPosition 446!!!!! REF
             [1] LightSettings 230
               CharacterSpawnPosition 446!!!!! REF
             [0] SetLocationAndCharacterSpawnPosition!!!!! REF
             [0] FileInfo
             [1] FileInfo
             [2] FileInfo
             [3] FileInfo
           SetLocation 211!!!!! REF
         [0] SetLocationController 55969!!!!! REF
     [0] FileInfo
       FileSource
     [1] FileInfo
       FileSource
   [0] GroupAndLevel
     Level 21964!!!!! REF
   [1] GroupAndLevel
     Level 21964!!!!! REF
==============AFTER REF REMOVAL==================
   [0] Event 56343
     [0] CameraController 56017
       CameraAnimation 55551
         [0] FileInfo
           FileSource
             AssetFileSourceInfo
     [0] CameraFilterController
       CameraFilterVariant 135
         [0] FileInfo
         [1] FileInfo
         [2] FileInfo
         [3] FileInfo
     [0] CharacterController 85238
       Character 2760
         [0] CharacterAndUmaRecipe
           UmaRecipe 3029
             [0] UmaRecipeAndWardrobe
             [1] UmaRecipeAndWardrobe
             [2] UmaRecipeAndWardrobe
             [3] UmaRecipeAndWardrobe
             [4] UmaRecipeAndWardrobe
             [5] UmaRecipeAndWardrobe
             [6] UmaRecipeAndWardrobe
             [7] UmaRecipeAndWardrobe
             [8] UmaRecipeAndWardrobe
         [0] FileInfo
           FileSource
         [1] FileInfo
           FileSource
         [2] FileInfo
           FileSource
       [0] CharacterControllerBodyAnimation
         BodyAnimation 414
           [0] FileInfo
           [1] FileInfo
           [2] FileInfo
           [3] FileInfo
       [0] CharacterControllerFaceVoice 85212
         VoiceFilter 7
           [0] FileInfo
           [1] FileInfo
           [2] FileInfo
     [0] MusicController 26663
       UserSound 526
         [0] FileInfo
     [0] SetLocationController 55966
       SetLocation 370
         [0] FileInfo
         [1] FileInfo
         [2] FileInfo
         [3] FileInfo
         SetLocationBundle 303
           [0] FileInfo
         [0] SetLocationAndCharacterSpawnPosition
           CharacterSpawnPosition 745
             [0] LightSettings 830
             [1] LightSettings 831
             [0] FileInfo
             [1] FileInfo
             [2] FileInfo
             [3] FileInfo
     [0] FileInfo
       FileSource
     [1] FileInfo
       FileSource
   [1] Event 56344
     [0] CameraController 56021
       CameraAnimation 55552
         [0] FileInfo
           FileSource
             AssetFileSourceInfo
     [0] CameraFilterController
       CameraFilterVariant 135
         [0] FileInfo
         [1] FileInfo
         [2] FileInfo
         [3] FileInfo
     [0] CharacterController 85239
       Character 2760
         [0] CharacterAndUmaRecipe
           UmaRecipe 3029
             [0] UmaRecipeAndWardrobe
             [1] UmaRecipeAndWardrobe
             [2] UmaRecipeAndWardrobe
             [3] UmaRecipeAndWardrobe
             [4] UmaRecipeAndWardrobe
             [5] UmaRecipeAndWardrobe
             [6] UmaRecipeAndWardrobe
             [7] UmaRecipeAndWardrobe
             [8] UmaRecipeAndWardrobe
         [0] FileInfo
           FileSource
         [1] FileInfo
           FileSource
         [2] FileInfo
           FileSource
       [0] CharacterControllerBodyAnimation
         BodyAnimation 414
           [0] FileInfo
           [1] FileInfo
           [2] FileInfo
           [3] FileInfo
       [0] CharacterControllerFaceVoice 85215
         VoiceFilter 7
           [0] FileInfo
           [1] FileInfo
           [2] FileInfo
     [0] MusicController 26664
       UserSound 526
         [0] FileInfo
     [0] SetLocationController 55963
       SetLocation 371
         [0] FileInfo
         [1] FileInfo
         [2] FileInfo
         [3] FileInfo
         SetLocationBundle 304
           [0] FileInfo
         [0] SetLocationAndCharacterSpawnPosition
           CharacterSpawnPosition 746
             [0] LightSettings 832
             [1] LightSettings 833
             [0] FileInfo
             [1] FileInfo
             [2] FileInfo
             [3] FileInfo
     [0] FileInfo
       FileSource
     [1] FileInfo
       FileSource
   [2] Event 56345
     [0] CameraController 56020
       CameraAnimation 55553
         [0] FileInfo
           FileSource
             AssetFileSourceInfo
     [0] CameraFilterController
       CameraFilterVariant 135
         [0] FileInfo
         [1] FileInfo
         [2] FileInfo
         [3] FileInfo
     [0] CharacterController 85242
       Character 2760
         [0] CharacterAndUmaRecipe
           UmaRecipe 3029
             [0] UmaRecipeAndWardrobe
             [1] UmaRecipeAndWardrobe
             [2] UmaRecipeAndWardrobe
             [3] UmaRecipeAndWardrobe
             [4] UmaRecipeAndWardrobe
             [5] UmaRecipeAndWardrobe
             [6] UmaRecipeAndWardrobe
             [7] UmaRecipeAndWardrobe
             [8] UmaRecipeAndWardrobe
         [0] FileInfo
           FileSource
         [1] FileInfo
           FileSource
         [2] FileInfo
           FileSource
       [0] CharacterControllerBodyAnimation
         BodyAnimation 414
           [0] FileInfo
           [1] FileInfo
           [2] FileInfo
           [3] FileInfo
       [0] CharacterControllerFaceVoice 85220
         VoiceFilter 7
           [0] FileInfo
           [1] FileInfo
           [2] FileInfo
     [0] MusicController 26666
       UserSound 526
         [0] FileInfo
     [0] SetLocationController 55968
       SetLocation 372
         [0] FileInfo
         [1] FileInfo
         [2] FileInfo
         [3] FileInfo
         SetLocationBundle 340
           [0] FileInfo
         [0] SetLocationAndCharacterSpawnPosition
           CharacterSpawnPosition 818
             [0] LightSettings 977
             [1] LightSettings 978
             [0] FileInfo
             [1] FileInfo
             [2] FileInfo
             [3] FileInfo
         [1] SetLocationAndCharacterSpawnPosition
           CharacterSpawnPosition 819
             [0] LightSettings 979
             [1] LightSettings 980
             [0] FileInfo
             [1] FileInfo
             [2] FileInfo
             [3] FileInfo
     [0] FileInfo
       FileSource
     [1] FileInfo
       FileSource
   [3] Event 56346
     [0] CameraController 56018
       CameraAnimation 55554
         [0] FileInfo
           FileSource
             AssetFileSourceInfo
     [0] CameraFilterController
       CameraFilterVariant 168
         [0] FileInfo
         [1] FileInfo
         [2] FileInfo
         [3] FileInfo
     [0] CharacterController 85240
       Character 1218
         [0] CharacterAndUmaRecipe
           UmaRecipe 1157
             [0] UmaRecipeAndWardrobe
             [1] UmaRecipeAndWardrobe
             [2] UmaRecipeAndWardrobe
             [3] UmaRecipeAndWardrobe
             [4] UmaRecipeAndWardrobe
             [5] UmaRecipeAndWardrobe
             [6] UmaRecipeAndWardrobe
             [7] UmaRecipeAndWardrobe
             [8] UmaRecipeAndWardrobe
         [0] FileInfo
         [1] FileInfo
         [2] FileInfo
       [0] CharacterControllerBodyAnimation
         BodyAnimation 418
           [0] FileInfo
           [1] FileInfo
           [2] FileInfo
           [3] FileInfo
       [0] CharacterControllerFaceVoice 85224
         VoiceFilter 7
           [0] FileInfo
           [1] FileInfo
           [2] FileInfo
     [1] CharacterController 85241
       Character 1221
         [0] CharacterAndUmaRecipe
           UmaRecipe 1160
             [0] UmaRecipeAndWardrobe
             [1] UmaRecipeAndWardrobe
             [2] UmaRecipeAndWardrobe
             [3] UmaRecipeAndWardrobe
             [4] UmaRecipeAndWardrobe
             [5] UmaRecipeAndWardrobe
             [6] UmaRecipeAndWardrobe
         [0] FileInfo
         [1] FileInfo
         [2] FileInfo
       [0] CharacterControllerBodyAnimation
         BodyAnimation 418
           [0] FileInfo
           [1] FileInfo
           [2] FileInfo
           [3] FileInfo
       [0] CharacterControllerFaceVoice 85210
         VoiceFilter 7
           [0] FileInfo
           [1] FileInfo
           [2] FileInfo
     [2] CharacterController 85243
       Character 1220
         [0] CharacterAndUmaRecipe
           UmaRecipe 1159
             [0] UmaRecipeAndWardrobe
             [1] UmaRecipeAndWardrobe
             [2] UmaRecipeAndWardrobe
             [3] UmaRecipeAndWardrobe
             [4] UmaRecipeAndWardrobe
[...]
      <Output>
        <StdOut>BEFORE REMOVING:
   [0] FakeEvent 201
     FakeCharacter 301
       FakeEvent 201!!!!! REF
   [1] FakeEvent 202
     FakeCharacter 302
       FakeEvent 202!!!!! REF
AFTER REMOVING:
   [0] FakeEvent 201
     FakeCharacter 301
   [1] FakeEvent 202
     FakeCharacter 302</StdOut>
      </Output>
    </UnitTestResult>
    <UnitTestResult executionId="12f260e9-cd2e-4136-812c-684ea42c48b1" testId="e377f63a-a3fa-3938-ce93-de23c8f3f640" testName="CommonLibrary.Test.RangedSortedListCacheTest.ReadingTopItemMustReadSourceIfTtlIsExpired" computerName="5955a5bf5f87" duration="00:00:00.0934357" startTime="2024-07-02T13:00:09.0162049+00:00" endTime="2024-07-02T13:00:09.0162050+00:00" testType="13cdc9d9-ddb5-4fa4-a97d-d965ccfc6d4b" outcome="Passed" testListId="8c84fa94-04c1-424b-9868-57a2d4851a1d" relativeResultsDirectory="12f260e9-cd2e-4136-812c-684ea42c48b1">
      <Output>
        <StdOut>&lt;Scope: RedisRangedSortedListCache::ReadPages(video-test-$6a47c5df051140ecb52c58bf997b3d12)&gt;
   Information [0]: Read 0 pages
&lt;/Scope: RedisRangedSortedListCache::ReadPages(video-test-$6a47c5df051140ecb52c58bf997b3d12)&gt;
&lt;Scope: GetTop&gt;
   Information [0]: Head is expired
   Information [0]: New top read from data source: 1000
&lt;/Scope: GetTop&gt;
&lt;Scope: RedisRangedSortedListCache::GetPageOfLower(ctx, 1000, 30)&gt;
   Information [0]: Page is not found
   Information [0]: Loaded 30 from data source starting from 1000
      &lt;Scope: RedisRangedSortedListCache::AddNewPage&gt;
      Information [0]: Added new page 1000 - 971
   &lt;/Scope: RedisRangedSortedListCache::AddNewPage&gt;
&lt;/Scope: RedisRangedSortedListCache::GetPageOfLower(ctx, 1000, 30)&gt;
&lt;Scope: RedisRangedSortedListCache::ReadPages(video-test-$6a47c5df051140ecb52c58bf997b3d12)&gt;
   Information [0]: Read 1 pages
&lt;/Scope: RedisRangedSortedListCache::ReadPages(video-test-$6a47c5df051140ecb52c58bf997b3d12)&gt;
&lt;Scope: GetTop&gt;
   Information [0]: Head is expired
   Information [0]: New top read from data source: 10000
&lt;/Scope: GetTop&gt;
&lt;Scope: RedisRangedSortedListCache::GetPageOfLower(ctx, 10000, 30)&gt;
   Information [0]: Page is not found
   Information [0]: Loaded 30 from data source starting from 10000
      &lt;Scope: RedisRangedSortedListCache::AddNewPage&gt;
      Information [0]: Added new page 10000 - 9971
   &lt;/Scope: RedisRangedSortedListCache::AddNewPage&gt;
&lt;/Scope: RedisRangedSortedListCache::GetPageOfLower(ctx, 10000, 30)&gt;</StdOut>
      </Output>
    </UnitTestResult>
    <UnitTestResult executionId="2c550e67-9e9b-4e57-84c8-c9f20f196019" testId="8bef760e-80d3-9595-bacc-b99f6f66b648" testName="CommonLibrary.Test.RangedSortedListCacheTest.ReadingCachedDataMustReadFromCache" computerName="5955a5bf5f87" duration="00:00:00.0182003" startTime="2024-07-02T13:00:14.3008430+00:00" endTime="2024-07-02T13:00:14.3008433+00:00" testType="13cdc9d9-ddb5-4fa4-a97d-d965ccfc6d4b" outcome="Passed" testListId="8c84fa94-04c1-424b-9868-57a2d4851a1d" relativeResultsDirectory="2c550e67-9e9b-4e57-84c8-c9f20f196019">
      <Output>
        <StdOut>&lt;Scope: RedisRangedSortedListCache::ReadPages(video-test-$4d09917b61984d8a8017a94898405153)&gt;
   Information [0]: Read 0 pages
&lt;/Scope: RedisRangedSortedListCache::ReadPages(video-test-$4d09917b61984d8a8017a94898405153)&gt;
&lt;Scope: RedisRangedSortedListCache::GetPageOfLower(ctx, 100, 30)&gt;
   Information [0]: Page is not found
   Information [0]: Loaded 30 from data source starting from 100
      &lt;Scope: RedisRangedSortedListCache::AddNewPage&gt;
      Information [0]: Added new page 100 - 71
   &lt;/Scope: RedisRangedSortedListCache::AddNewPage&gt;
&lt;/Scope: RedisRangedSortedListCache::GetPageOfLower(ctx, 100, 30)&gt;
&lt;Scope: RedisRangedSortedListCache::GetPageOfHigher(ctx, 100, 30)&gt;
   Information [0]: Page is not found
   Information [0]: Loaded 30 from data source starting from 101
      &lt;Scope: RedisRangedSortedListCache::AddNewPage&gt;
      Information [0]: Added new page 130 - 101
   &lt;/Scope: RedisRangedSortedListCache::AddNewPage&gt;
&lt;/Scope: RedisRangedSortedListCache::GetPageOfHigher(ctx, 100, 30)&gt;
&lt;Scope: RedisRangedSortedListCache::ReadPages(video-test-$4d09917b61984d8a8017a94898405153)&gt;
   Information [0]: Read 1 pages
&lt;/Scope: RedisRangedSortedListCache::ReadPages(video-test-$4d09917b61984d8a8017a94898405153)&gt;
&lt;Scope: RedisRangedSortedListCache::GetPageOfLower(ctx, 100, 30)&gt;
   Information [0]: Page found: 130 - 71, loaded 30 from cache
   Information [0]: All items loaded from cache
&lt;/Scope: RedisRangedSortedListCache::GetPageOfLower(ctx, 100, 30)&gt;
&lt;Scope: RedisRangedSortedListCache::GetPageOfHigher(ctx, 100, 30)&gt;
   Information [0]: Page found: 130 - 71, loaded 30 from cache
   Information [0]: All items loaded from cache
&lt;/Scope: RedisRangedSortedListCache::GetPageOfHigher(ctx, 100, 30)&gt;</StdOut>
      </Output>
    </UnitTestResult>
    <UnitTestResult executionId="fddaf403-7f06-45fe-a5a9-4df0548493e7" testId="f7887875-9a79-72cd-f909-ae2f7a37866e" testName="CommonLibrary.Test.RangedSortedListCacheTest.FilteringMustWork" computerName="5955a5bf5f87" duration="00:00:00.0407724" startTime="2024-07-02T13:00:09.1268620+00:00" endTime="2024-07-02T13:00:09.1268621+00:00" testType="13cdc9d9-ddb5-4fa4-a97d-d965ccfc6d4b" outcome="Passed" testListId="8c84fa94-04c1-424b-9868-57a2d4851a1d" relativeResultsDirectory="fddaf403-7f06-45fe-a5a9-4df0548493e7">
      <Output>
        <StdOut>&lt;Scope: RedisRangedSortedListCache::ReadPages(video-test-$1536e834a9994d27846be873097d1943)&gt;
   Information [0]: Read 0 pages
&lt;/Scope: RedisRangedSortedListCache::ReadPages(video-test-$1536e834a9994d27846be873097d1943)&gt;
&lt;Scope: RedisRangedSortedListCache::GetPageOfLower(ctx, 100, 30)&gt;
   Information [0]: Page is not found
   Information [0]: Loaded 30 from data source starting from 100
      &lt;Scope: RedisRangedSortedListCache::AddNewPage&gt;
      Information [0]: Added new page 100 - 71
   &lt;/Scope: RedisRangedSortedListCache::AddNewPage&gt;
&lt;/Scope: RedisRangedSortedListCache::GetPageOfLower(ctx, 100, 30)&gt;
&lt;Scope: RedisRangedSortedListCache::GetPageOfLower(ctx, 70, 30)&gt;
   Information [0]: Page is not found
   Information [0]: Loaded 30 from data source starting from 70
      &lt;Scope: RedisRangedSortedListCache::AddNewPage&gt;
      Information [0]: Added new page 70 - 41
   &lt;/Scope: RedisRangedSortedListCache::AddNewPage&gt;
&lt;/Scope: RedisRangedSortedListCache::GetPageOfLower(ctx, 70, 30)&gt;
&lt;Scope: RedisRangedSortedListCache::GetPageOfHigher(ctx, 100, 30)&gt;
   Information [0]: Page is not found
   Information [0]: Loaded 30 from data source starting from 101
      &lt;Scope: RedisRangedSortedListCache::AddNewPage&gt;
      Information [0]: Added new page 130 - 101
   &lt;/Scope: RedisRangedSortedListCache::AddNewPage&gt;
&lt;/Scope: RedisRangedSortedListCache::GetPageOfHigher(ctx, 100, 30)&gt;
&lt;Scope: RedisRangedSortedListCache::GetPageOfHigher(ctx, 131, 30)&gt;
   Information [0]: Page is not found
   Information [0]: Loaded 30 from data source starting from 132
      &lt;Scope: RedisRangedSortedListCache::AddNewPage&gt;
      Information [0]: Added new page 161 - 132
   &lt;/Scope: RedisRangedSortedListCache::AddNewPage&gt;
&lt;/Scope: RedisRangedSortedListCache::GetPageOfHigher(ctx, 131, 30)&gt;
&lt;Scope: RedisRangedSortedListCache::ReadPages(video-test-$1536e834a9994d27846be873097d1943)&gt;
   Information [0]: Read 2 pages
&lt;/Scope: RedisRangedSortedListCache::ReadPages(video-test-$1536e834a9994d27846be873097d1943)&gt;
&lt;Scope: RedisRangedSortedListCache::GetPageOfLower(ctx, 100, 30)&gt;
   Information [0]: Page found: 130 - 41, loaded 30 from cache
   Information [0]: All items loaded from cache
&lt;/Scope: RedisRangedSortedListCache::GetPageOfLower(ctx, 100, 30)&gt;
&lt;Scope: RedisRangedSortedListCache::GetPageOfLower(ctx, 70, 30)&gt;
   Information [0]: Page found: 130 - 41, loaded 30 from cache
   Information [0]: All items loaded from cache
&lt;/Scope: RedisRangedSortedListCache::GetPageOfLower(ctx, 70, 30)&gt;
&lt;Scope: RedisRangedSortedListCache::GetPageOfHigher(ctx, 100, 30)&gt;
   Information [0]: Page found: 130 - 41, loaded 30 from cache
   Information [0]: All items loaded from cache
&lt;/Scope: RedisRangedSortedListCache::GetPageOfHigher(ctx, 100, 30)&gt;
&lt;Scope: RedisRangedSortedListCache::GetPageOfHigher(ctx, 131, 30)&gt;
   Information [0]: Page found: 161 - 132, loaded 30 from cache
   Information [0]: All items loaded from cache
&lt;/Scope: RedisRangedSortedListCache::GetPageOfHigher(ctx, 131, 30)&gt;</StdOut>
      </Output>
    </UnitTestResult>
  </Results>
  <TestDefinitions>
    <UnitTest name="CommonLibrary.Test.RangedSortedListCacheTest.FilteringMustWorkWithoutTargetScore" storage="/source/common/commonlibrary.test/bin/debug/net8.0/commonlibrary.test.dll" id="e2d4675a-ed28-90ab-2e61-83bd1d6f5a6a">
      <Execution id="181bb0a7-98de-4aa0-9da2-4cfd57caa6a5" />
      <TestMethod codeBase="/source/Common/CommonLibrary.Test/bin/Debug/net8.0/CommonLibrary.Test.dll" adapterTypeName="executor://xunit/VsTestRunner2/netcoreapp" className="CommonLibrary.Test.RangedSortedListCacheTest" name="FilteringMustWorkWithoutTargetScore" />
    </UnitTest>
    <UnitTest name="CommonLibrary.Test.RangedSortedListCacheTest.ReadingTopItemMustReadSourceIfTtlIsExpired" storage="/source/common/commonlibrary.test/bin/debug/net8.0/commonlibrary.test.dll" id="e377f63a-a3fa-3938-ce93-de23c8f3f640">
      <Execution id="12f260e9-cd2e-4136-812c-684ea42c48b1" />
      <TestMethod codeBase="/source/Common/CommonLibrary.Test/bin/Debug/net8.0/CommonLibrary.Test.dll" adapterTypeName="executor://xunit/VsTestRunner2/netcoreapp" className="CommonLibrary.Test.RangedSortedListCacheTest" name="ReadingTopItemMustReadSourceIfTtlIsExpired" />
    </UnitTest>
    <UnitTest name="CommonLibrary.Test.PrintLevelStructTest.PrintLevelStructure" storage="/source/common/commonlibrary.test/bin/debug/net8.0/commonlibrary.test.dll" id="662dc166-2d8e-5b2d-10dc-b971f5b61914">
      <Execution id="bbbd89a7-f547-4611-8a73-cfc2bfdfc78c" />
      <TestMethod codeBase="/source/Common/CommonLibrary.Test/bin/Debug/net8.0/CommonLibrary.Test.dll" adapterTypeName="executor://xunit/VsTestRunner2/netcoreapp" className="CommonLibrary.Test.PrintLevelStructTest" name="PrintLevelStructure" />
    </UnitTest>
    <UnitTest name="CommonLibrary.Test.RangedSortedListCacheTest.RangedListMustExpire" storage="/source/common/commonlibrary.test/bin/debug/net8.0/commonlibrary.test.dll" id="17454ee0-c1a1-e0a0-a226-8b389b494566">
      <Execution id="7da82e0e-955e-4331-ad35-e5d8980588e6" />
      <TestMethod codeBase="/source/Common/CommonLibrary.Test/bin/Debug/net8.0/CommonLibrary.Test.dll" adapterTypeName="executor://xunit/VsTestRunner2/netcoreapp" className="CommonLibrary.Test.RangedSortedListCacheTest" name="RangedListMustExpire" />
    </UnitTest>
    <UnitTest name="CommonLibrary.Test.PrintLevelStructTest.EnsureLevelDeserializedWithCycles" storage="/source/common/commonlibrary.test/bin/debug/net8.0/commonlibrary.test.dll" id="52157386-e929-8dea-6799-271581528838">
      <Execution id="4c0186f6-0144-4aa0-bb18-457cd6b17b7d" />
      <TestMethod codeBase="/source/Common/CommonLibrary.Test/bin/Debug/net8.0/CommonLibrary.Test.dll" adapterTypeName="executor://xunit/VsTestRunner2/netcoreapp" className="CommonLibrary.Test.PrintLevelStructTest" name="EnsureLevelDeserializedWithCycles" />
    </UnitTest>
    <UnitTest name="CommonLibrary.Test.PrintLevelStructTest.EnsureCyclicReferencesRemoved" storage="/source/common/commonlibrary.test/bin/debug/net8.0/commonlibrary.test.dll" id="4b8e70d0-c795-352e-9e19-67d2c24bce25">
      <Execution id="c091909b-df9a-420c-b4c0-fac88f26175b" />
      <TestMethod codeBase="/source/Common/CommonLibrary.Test/bin/Debug/net8.0/CommonLibrary.Test.dll" adapterTypeName="executor://xunit/VsTestRunner2/netcoreapp" className="CommonLibrary.Test.PrintLevelStructTest" name="EnsureCyclicReferencesRemoved" />
    </UnitTest>
    <UnitTest name="CommonLibrary.Test.PrintLevelStructTest.EnsureGlobalReferencesNotRemoved" storage="/source/common/commonlibrary.test/bin/debug/net8.0/commonlibrary.test.dll" id="ab265e22-64fc-d51b-7e88-e0946a386178">
      <Execution id="fe072e66-f5af-4806-8a18-ec5f9b2f406d" />
      <TestMethod codeBase="/source/Common/CommonLibrary.Test/bin/Debug/net8.0/CommonLibrary.Test.dll" adapterTypeName="executor://xunit/VsTestRunner2/netcoreapp" className="CommonLibrary.Test.PrintLevelStructTest" name="EnsureGlobalReferencesNotRemoved" />
    </UnitTest>
    <UnitTest name="CommonLibrary.Test.RangedSortedListCacheTest.FilteringMustWork" storage="/source/common/commonlibrary.test/bin/debug/net8.0/commonlibrary.test.dll" id="f7887875-9a79-72cd-f909-ae2f7a37866e">
      <Execution id="fddaf403-7f06-45fe-a5a9-4df0548493e7" />
      <TestMethod codeBase="/source/Common/CommonLibrary.Test/bin/Debug/net8.0/CommonLibrary.Test.dll" adapterTypeName="executor://xunit/VsTestRunner2/netcoreapp" className="CommonLibrary.Test.RangedSortedListCacheTest" name="FilteringMustWork" />
    </UnitTest>
    <UnitTest name="CommonLibrary.Test.RangedSortedListCacheTest.ReadingCachedDataMustReadFromCache" storage="/source/common/commonlibrary.test/bin/debug/net8.0/commonlibrary.test.dll" id="8bef760e-80d3-9595-bacc-b99f6f66b648">
      <Execution id="2c550e67-9e9b-4e57-84c8-c9f20f196019" />
      <TestMethod codeBase="/source/Common/CommonLibrary.Test/bin/Debug/net8.0/CommonLibrary.Test.dll" adapterTypeName="executor://xunit/VsTestRunner2/netcoreapp" className="CommonLibrary.Test.RangedSortedListCacheTest" name="ReadingCachedDataMustReadFromCache" />
    </UnitTest>
    <UnitTest name="CommonLibrary.Test.RangedSortedListCacheTest.ReadingSpecificTopFromEmptyCacheMustReadSource" storage="/source/common/commonlibrary.test/bin/debug/net8.0/commonlibrary.test.dll" id="9a4d6c22-ae6a-8295-1ae4-d6a5aaedd651">
      <Execution id="4ef830f5-083a-448a-89e4-b3898f9f9dc9" />
      <TestMethod codeBase="/source/Common/CommonLibrary.Test/bin/Debug/net8.0/CommonLibrary.Test.dll" adapterTypeName="executor://xunit/VsTestRunner2/netcoreapp" className="CommonLibrary.Test.RangedSortedListCacheTest" name="ReadingSpecificTopFromEmptyCacheMustReadSource" />
    </UnitTest>
    <UnitTest name="CommonLibrary.Test.RangedSortedListCacheTest.FilteringMustWorkWithoutTargetScore2" storage="/source/common/commonlibrary.test/bin/debug/net8.0/commonlibrary.test.dll" id="aa43600c-eb1b-e7a7-7e75-d7e508ef0830">
      <Execution id="475bb8cc-7a86-4e03-9a0b-048e4bcb63bf" />
      <TestMethod codeBase="/source/Common/CommonLibrary.Test/bin/Debug/net8.0/CommonLibrary.Test.dll" adapterTypeName="executor://xunit/VsTestRunner2/netcoreapp" className="CommonLibrary.Test.RangedSortedListCacheTest" name="FilteringMustWorkWithoutTargetScore2" />
    </UnitTest>
    <UnitTest name="CommonLibrary.Test.RangedSortedListCacheTest.ReadingTopItemMustReadSource" storage="/source/common/commonlibrary.test/bin/debug/net8.0/commonlibrary.test.dll" id="dd352d7f-6edd-3ef2-d79d-967c014e542d">
      <Execution id="1665bf58-7e2d-459c-a51e-d31fc4b63d0f" />
      <TestMethod codeBase="/source/Common/CommonLibrary.Test/bin/Debug/net8.0/CommonLibrary.Test.dll" adapterTypeName="executor://xunit/VsTestRunner2/netcoreapp" className="CommonLibrary.Test.RangedSortedListCacheTest" name="ReadingTopItemMustReadSource" />
    </UnitTest>
    <UnitTest name="CommonLibrary.Test.RangedSortedListCacheTest.ReadingCachedDataMustAppendLowerAndHigherRanges" storage="/source/common/commonlibrary.test/bin/debug/net8.0/commonlibrary.test.dll" id="5c987566-277a-71da-0854-a7ebf5456c5d">
      <Execution id="a7eb333f-bc8e-4866-b77e-f988533e832f" />
      <TestMethod codeBase="/source/Common/CommonLibrary.Test/bin/Debug/net8.0/CommonLibrary.Test.dll" adapterTypeName="executor://xunit/VsTestRunner2/netcoreapp" className="CommonLibrary.Test.RangedSortedListCacheTest" name="ReadingCachedDataMustAppendLowerAndHigherRanges" />
    </UnitTest>
    <UnitTest name="CommonLibrary.Test.RangedSortedListCacheTest.ReadingTopItemMustNotReadSourceIfTtlIsNotExpired" storage="/source/common/commonlibrary.test/bin/debug/net8.0/commonlibrary.test.dll" id="d7c63adc-5f3b-f614-2ab6-cf6bdc2d7129">
      <Execution id="a7cdbebb-aa7e-4c02-af0f-40907ba8edec" />
      <TestMethod codeBase="/source/Common/CommonLibrary.Test/bin/Debug/net8.0/CommonLibrary.Test.dll" adapterTypeName="executor://xunit/VsTestRunner2/netcoreapp" className="CommonLibrary.Test.RangedSortedListCacheTest" name="ReadingTopItemMustNotReadSourceIfTtlIsNotExpired" />
    </UnitTest>
  </TestDefinitions>
  <TestEntries>
    <TestEntry testId="d7c63adc-5f3b-f614-2ab6-cf6bdc2d7129" executionId="a7cdbebb-aa7e-4c02-af0f-40907ba8edec" testListId="8c84fa94-04c1-424b-9868-57a2d4851a1d" />
    <TestEntry testId="52157386-e929-8dea-6799-271581528838" executionId="4c0186f6-0144-4aa0-bb18-457cd6b17b7d" testListId="8c84fa94-04c1-424b-9868-57a2d4851a1d" />
    <TestEntry testId="9a4d6c22-ae6a-8295-1ae4-d6a5aaedd651" executionId="4ef830f5-083a-448a-89e4-b3898f9f9dc9" testListId="8c84fa94-04c1-424b-9868-57a2d4851a1d" />
    <TestEntry testId="ab265e22-64fc-d51b-7e88-e0946a386178" executionId="fe072e66-f5af-4806-8a18-ec5f9b2f406d" testListId="8c84fa94-04c1-424b-9868-57a2d4851a1d" />
    <TestEntry testId="5c987566-277a-71da-0854-a7ebf5456c5d" executionId="a7eb333f-bc8e-4866-b77e-f988533e832f" testListId="8c84fa94-04c1-424b-9868-57a2d4851a1d" />
    <TestEntry testId="dd352d7f-6edd-3ef2-d79d-967c014e542d" executionId="1665bf58-7e2d-459c-a51e-d31fc4b63d0f" testListId="8c84fa94-04c1-424b-9868-57a2d4851a1d" />
    <TestEntry testId="aa43600c-eb1b-e7a7-7e75-d7e508ef0830" executionId="475bb8cc-7a86-4e03-9a0b-048e4bcb63bf" testListId="8c84fa94-04c1-424b-9868-57a2d4851a1d" />
    <TestEntry testId="e2d4675a-ed28-90ab-2e61-83bd1d6f5a6a" executionId="181bb0a7-98de-4aa0-9da2-4cfd57caa6a5" testListId="8c84fa94-04c1-424b-9868-57a2d4851a1d" />
    <TestEntry testId="17454ee0-c1a1-e0a0-a226-8b389b494566" executionId="7da82e0e-955e-4331-ad35-e5d8980588e6" testListId="8c84fa94-04c1-424b-9868-57a2d4851a1d" />
    <TestEntry testId="662dc166-2d8e-5b2d-10dc-b971f5b61914" executionId="bbbd89a7-f547-4611-8a73-cfc2bfdfc78c" testListId="8c84fa94-04c1-424b-9868-57a2d4851a1d" />
    <TestEntry testId="4b8e70d0-c795-352e-9e19-67d2c24bce25" executionId="c091909b-df9a-420c-b4c0-fac88f26175b" testListId="8c84fa94-04c1-424b-9868-57a2d4851a1d" />
    <TestEntry testId="e377f63a-a3fa-3938-ce93-de23c8f3f640" executionId="12f260e9-cd2e-4136-812c-684ea42c48b1" testListId="8c84fa94-04c1-424b-9868-57a2d4851a1d" />
    <TestEntry testId="8bef760e-80d3-9595-bacc-b99f6f66b648" executionId="2c550e67-9e9b-4e57-84c8-c9f20f196019" testListId="8c84fa94-04c1-424b-9868-57a2d4851a1d" />
    <TestEntry testId="f7887875-9a79-72cd-f909-ae2f7a37866e" executionId="fddaf403-7f06-45fe-a5a9-4df0548493e7" testListId="8c84fa94-04c1-424b-9868-57a2d4851a1d" />
  </TestEntries>
  <TestLists>
    <TestList name="Results Not in a List" id="8c84fa94-04c1-424b-9868-57a2d4851a1d" />
    <TestList name="All Loaded Results" id="19431567-8539-422a-85d7-44ee4e166bda" />
  </TestLists>
  <ResultSummary outcome="Completed">
    <Counters total="14" executed="14" passed="14" failed="0" error="0" timeout="0" aborted="0" inconclusive="0" passedButRunAborted="0" notRunnable="0" notExecuted="0" disconnected="0" warning="0" completed="0" inProgress="0" pending="0" />
    <Output>
      <StdOut>[xUnit.net 00:00:00.00] xUnit.net VSTest Adapter v2.8.0+6438bb880a (64-bit .NET 8.0.6)
[xUnit.net 00:00:00.05]   Discovering: CommonLibrary.Test
[xUnit.net 00:00:00.09]   Discovered:  CommonLibrary.Test
[xUnit.net 00:00:00.09]   Starting:    CommonLibrary.Test
[xUnit.net 00:00:06.04]   Finished:    CommonLibrary.Test
</StdOut>
    </Output>
  </ResultSummary>
</TestRun>